{"meta": {"format": 3, "version": "7.13.0", "timestamp": "2025-12-20T12:15:22.147635", "branch_coverage": false, "show_contexts": false}, "files": {"app/__init__.py": {"executed_lines": [1, 8, 9], "summary": {"covered_lines": 2, "num_statements": 2, "percent_covered": 100.0, "percent_covered_display": "100", "missing_lines": 0, "excluded_lines": 0, "percent_statements_covered": 100.0, "percent_statements_covered_display": "100"}, "missing_lines": [], "excluded_lines": [], "functions": {"": {"executed_lines": [1, 8, 9], "summary": {"covered_lines": 2, "num_statements": 2, "percent_covered": 100.0, "percent_covered_display": "100", "missing_lines": 0, "excluded_lines": 0, "percent_statements_covered": 100.0, "percent_statements_covered_display": "100"}, "missing_lines": [], "excluded_lines": []}}, "classes": {"": {"executed_lines": [1, 8, 9], "summary": {"covered_lines": 2, "num_statements": 2, "percent_covered": 100.0, "percent_covered_display": "100", "missing_lines": 0, "excluded_lines": 0, "percent_statements_covered": 100.0, "percent_statements_covered_display": "100"}, "missing_lines": [], "excluded_lines": []}}}, "app/api/__init__.py": {"executed_lines": [1], "summary": {"covered_lines": 0, "num_statements": 0, "percent_covered": 100.0, "percent_covered_display": "100", "missing_lines": 0, "excluded_lines": 0, "percent_statements_covered": 100.0, "percent_statements_covered_display": "100"}, "missing_lines": [], "excluded_lines": [], "functions": {"": {"executed_lines": [1], "summary": {"covered_lines": 0, "num_statements": 0, "percent_covered": 100.0, "percent_covered_display": "100", "missing_lines": 0, "excluded_lines": 0, "percent_statements_covered": 100.0, "percent_statements_covered_display": "100"}, "missing_lines": [], "excluded_lines": []}}, "classes": {"": {"executed_lines": [1], "summary": {"covered_lines": 0, "num_statements": 0, "percent_covered": 100.0, "percent_covered_display": "100", "missing_lines": 0, "excluded_lines": 0, "percent_statements_covered": 100.0, "percent_statements_covered_display": "100"}, "missing_lines": [], "excluded_lines": []}}}, "app/api/v1/__init__.py": {"executed_lines": [1, 5, 7, 9, 12, 13, 14, 15], "summary": {"covered_lines": 7, "num_statements": 7, "percent_covered": 100.0, "percent_covered_display": "100", "missing_lines": 0, "excluded_lines": 0, "percent_statements_covered": 100.0, "percent_statements_covered_display": "100"}, "missing_lines": [], "excluded_lines": [], "functions": {"": {"executed_lines": [1, 5, 7, 9, 12, 13, 14, 15], "summary": {"covered_lines": 7, "num_statements": 7, "percent_covered": 100.0, "percent_covered_display": "100", "missing_lines": 0, "excluded_lines": 0, "percent_statements_covered": 100.0, "percent_statements_covered_display": "100"}, "missing_lines": [], "excluded_lines": []}}, "classes": {"": {"executed_lines": [1, 5, 7, 9, 12, 13, 14, 15], "summary": {"covered_lines": 7, "num_statements": 7, "percent_covered": 100.0, "percent_covered_display": "100", "missing_lines": 0, "excluded_lines": 0, "percent_statements_covered": 100.0, "percent_statements_covered_display": "100"}, "missing_lines": [], "excluded_lines": []}}}, "app/api/v1/endpoints/__init__.py": {"executed_lines": [1], "summary": {"covered_lines": 0, "num_statements": 0, "percent_covered": 100.0, "percent_covered_display": "100", "missing_lines": 0, "excluded_lines": 0, "percent_statements_covered": 100.0, "percent_statements_covered_display": "100"}, "missing_lines": [], "excluded_lines": [], "functions": {"": {"executed_lines": [1], "summary": {"covered_lines": 0, "num_statements": 0, "percent_covered": 100.0, "percent_covered_display": "100", "missing_lines": 0, "excluded_lines": 0, "percent_statements_covered": 100.0, "percent_statements_covered_display": "100"}, "missing_lines": [], "excluded_lines": []}}, "classes": {"": {"executed_lines": [1], "summary": {"covered_lines": 0, "num_statements": 0, "percent_covered": 100.0, "percent_covered_display": "100", "missing_lines": 0, "excluded_lines": 0, "percent_statements_covered": 100.0, "percent_statements_covered_display": "100"}, "missing_lines": [], "excluded_lines": []}}}, "app/api/v1/endpoints/feedback.py": {"executed_lines": [1, 5, 6, 7, 9, 10, 12, 13, 16, 17], "summary": {"covered_lines": 9, "num_statements": 14, "percent_covered": 64.28571428571429, "percent_covered_display": "64", "missing_lines": 5, "excluded_lines": 0, "percent_statements_covered": 64.28571428571429, "percent_statements_covered_display": "64"}, "missing_lines": [24, 31, 32, 34, 36], "excluded_lines": [], "functions": {"submit_feedback": {"executed_lines": [], "summary": {"covered_lines": 0, "num_statements": 5, "percent_covered": 0.0, "percent_covered_display": "0", "missing_lines": 5, "excluded_lines": 0, "percent_statements_covered": 0.0, "percent_statements_covered_display": "0"}, "missing_lines": [24, 31, 32, 34, 36], "excluded_lines": []}, "": {"executed_lines": [1, 5, 6, 7, 9, 10, 12, 13, 16, 17], "summary": {"covered_lines": 9, "num_statements": 9, "percent_covered": 100.0, "percent_covered_display": "100", "missing_lines": 0, "excluded_lines": 0, "percent_statements_covered": 100.0, "percent_statements_covered_display": "100"}, "missing_lines": [], "excluded_lines": []}}, "classes": {"": {"executed_lines": [1, 5, 6, 7, 9, 10, 12, 13, 16, 17], "summary": {"covered_lines": 9, "num_statements": 14, "percent_covered": 64.28571428571429, "percent_covered_display": "64", "missing_lines": 5, "excluded_lines": 0, "percent_statements_covered": 64.28571428571429, "percent_statements_covered_display": "64"}, "missing_lines": [24, 31, 32, 34, 36], "excluded_lines": []}}}, "app/api/v1/endpoints/jobs.py": {"executed_lines": [1, 5, 6, 7, 9, 10, 12, 15, 16, 21], "summary": {"covered_lines": 9, "num_statements": 13, "percent_covered": 69.23076923076923, "percent_covered_display": "69", "missing_lines": 4, "excluded_lines": 0, "percent_statements_covered": 69.23076923076923, "percent_statements_covered_display": "69"}, "missing_lines": [24, 26, 27, 29], "excluded_lines": [], "functions": {"get_job_status": {"executed_lines": [21], "summary": {"covered_lines": 1, "num_statements": 5, "percent_covered": 20.0, "percent_covered_display": "20", "missing_lines": 4, "excluded_lines": 0, "percent_statements_covered": 20.0, "percent_statements_covered_display": "20"}, "missing_lines": [24, 26, 27, 29], "excluded_lines": []}, "": {"executed_lines": [1, 5, 6, 7, 9, 10, 12, 15, 16], "summary": {"covered_lines": 8, "num_statements": 8, "percent_covered": 100.0, "percent_covered_display": "100", "missing_lines": 0, "excluded_lines": 0, "percent_statements_covered": 100.0, "percent_statements_covered_display": "100"}, "missing_lines": [], "excluded_lines": []}}, "classes": {"": {"executed_lines": [1, 5, 6, 7, 9, 10, 12, 15, 16, 21], "summary": {"covered_lines": 9, "num_statements": 13, "percent_covered": 69.23076923076923, "percent_covered_display": "69", "missing_lines": 4, "excluded_lines": 0, "percent_statements_covered": 69.23076923076923, "percent_statements_covered_display": "69"}, "missing_lines": [24, 26, 27, 29], "excluded_lines": []}}}, "app/api/v1/endpoints/performance.py": {"executed_lines": [1, 5, 6, 8, 10, 13, 14, 22, 23, 31, 32, 38], "summary": {"covered_lines": 11, "num_statements": 24, "percent_covered": 45.833333333333336, "percent_covered_display": "46", "missing_lines": 13, "excluded_lines": 0, "percent_statements_covered": 45.833333333333336, "percent_statements_covered_display": "46"}, "missing_lines": [16, 25, 26, 27, 28, 34, 35, 40, 41, 43, 44, 45, 47], "excluded_lines": [], "functions": {"get_performance_stats": {"executed_lines": [], "summary": {"covered_lines": 0, "num_statements": 1, "percent_covered": 0.0, "percent_covered_display": "0", "missing_lines": 1, "excluded_lines": 0, "percent_statements_covered": 0.0, "percent_statements_covered_display": "0"}, "missing_lines": [16], "excluded_lines": []}, "get_operation_stats": {"executed_lines": [], "summary": {"covered_lines": 0, "num_statements": 4, "percent_covered": 0.0, "percent_covered_display": "0", "missing_lines": 4, "excluded_lines": 0, "percent_statements_covered": 0.0, "percent_statements_covered_display": "0"}, "missing_lines": [25, 26, 27, 28], "excluded_lines": []}, "reset_performance_stats": {"executed_lines": [], "summary": {"covered_lines": 0, "num_statements": 2, "percent_covered": 0.0, "percent_covered_display": "0", "missing_lines": 2, "excluded_lines": 0, "percent_statements_covered": 0.0, "percent_statements_covered_display": "0"}, "missing_lines": [34, 35], "excluded_lines": []}, "_generate_summary": {"executed_lines": [], "summary": {"covered_lines": 0, "num_statements": 6, "percent_covered": 0.0, "percent_covered_display": "0", "missing_lines": 6, "excluded_lines": 0, "percent_statements_covered": 0.0, "percent_statements_covered_display": "0"}, "missing_lines": [40, 41, 43, 44, 45, 47], "excluded_lines": []}, "": {"executed_lines": [1, 5, 6, 8, 10, 13, 14, 22, 23, 31, 32, 38], "summary": {"covered_lines": 11, "num_statements": 11, "percent_covered": 100.0, "percent_covered_display": "100", "missing_lines": 0, "excluded_lines": 0, "percent_statements_covered": 100.0, "percent_statements_covered_display": "100"}, "missing_lines": [], "excluded_lines": []}}, "classes": {"": {"executed_lines": [1, 5, 6, 8, 10, 13, 14, 22, 23, 31, 32, 38], "summary": {"covered_lines": 11, "num_statements": 24, "percent_covered": 45.833333333333336, "percent_covered_display": "46", "missing_lines": 13, "excluded_lines": 0, "percent_statements_covered": 45.833333333333336, "percent_statements_covered_display": "46"}, "missing_lines": [16, 25, 26, 27, 28, 34, 35, 40, 41, 43, 44, 45, 47], "excluded_lines": []}}}, "app/api/v1/endpoints/personas.py": {"executed_lines": [1, 5, 6, 7, 8, 9, 11, 12, 13, 15, 16, 19, 20, 29, 30, 33, 40, 41, 64, 65, 70, 93, 94, 99, 1955, 1956, 1957, 1959, 1971, 1972, 2058, 2059, 2060, 2069, 2070, 2071], "summary": {"covered_lines": 23, "num_statements": 32, "percent_covered": 71.875, "percent_covered_display": "72", "missing_lines": 9, "excluded_lines": 0, "percent_statements_covered": 71.875, "percent_statements_covered_display": "72"}, "missing_lines": [44, 53, 55, 73, 75, 76, 78, 104, 106], "excluded_lines": [], "functions": {"generate_persona": {"executed_lines": [29, 30, 33, 40, 41], "summary": {"covered_lines": 5, "num_statements": 8, "percent_covered": 62.5, "percent_covered_display": "62", "missing_lines": 3, "excluded_lines": 0, "percent_statements_covered": 62.5, "percent_statements_covered_display": "62"}, "missing_lines": [44, 53, 55], "excluded_lines": []}, "get_persona": {"executed_lines": [70], "summary": {"covered_lines": 1, "num_statements": 5, "percent_covered": 20.0, "percent_covered_display": "20", "missing_lines": 4, "excluded_lines": 0, "percent_statements_covered": 20.0, "percent_statements_covered_display": "20"}, "missing_lines": [73, 75, 76, 78], "excluded_lines": []}, "get_personas_by_person": {"executed_lines": [99], "summary": {"covered_lines": 1, "num_statements": 3, "percent_covered": 33.333333333333336, "percent_covered_display": "33", "missing_lines": 2, "excluded_lines": 0, "percent_statements_covered": 33.333333333333336, "percent_statements_covered_display": "33"}, "missing_lines": [104, 106], "excluded_lines": []}, "": {"executed_lines": [1, 5, 6, 7, 8, 9, 11, 12, 13, 15, 16, 19, 20, 64, 65, 93, 94], "summary": {"covered_lines": 16, "num_statements": 16, "percent_covered": 100.0, "percent_covered_display": "100", "missing_lines": 0, "excluded_lines": 0, "percent_statements_covered": 100.0, "percent_statements_covered_display": "100"}, "missing_lines": [], "excluded_lines": []}}, "classes": {"": {"executed_lines": [1, 5, 6, 7, 8, 9, 11, 12, 13, 15, 16, 19, 20, 29, 30, 33, 40, 41, 64, 65, 70, 93, 94, 99], "summary": {"covered_lines": 23, "num_statements": 32, "percent_covered": 71.875, "percent_covered_display": "72", "missing_lines": 9, "excluded_lines": 0, "percent_statements_covered": 71.875, "percent_statements_covered_display": "72"}, "missing_lines": [44, 53, 55, 73, 75, 76, 78, 104, 106], "excluded_lines": []}}}, "app/config.py": {"executed_lines": [1, 6, 7, 8, 10, 17, 18, 21, 26, 27, 31, 38, 39, 44, 45, 46, 48, 50, 53, 54, 55, 56, 57, 60, 63, 64, 65, 66, 68, 69, 76, 77, 80, 81, 83, 84, 89, 90, 91, 92, 98, 99, 100, 103, 104, 107, 108, 114, 115, 116, 119, 120, 123, 124, 125, 126, 128, 129, 130, 131, 135], "summary": {"covered_lines": 59, "num_statements": 64, "percent_covered": 92.1875, "percent_covered_display": "92", "missing_lines": 5, "excluded_lines": 0, "percent_statements_covered": 92.1875, "percent_statements_covered_display": "92"}, "missing_lines": [49, 71, 72, 73, 86], "excluded_lines": [], "functions": {"Settings.validate_secret_key_production": {"executed_lines": [48, 50], "summary": {"covered_lines": 2, "num_statements": 3, "percent_covered": 66.66666666666667, "percent_covered_display": "67", "missing_lines": 1, "excluded_lines": 0, "percent_statements_covered": 66.66666666666667, "percent_statements_covered_display": "67"}, "missing_lines": [49], "excluded_lines": []}, "Settings.redis_url": {"executed_lines": [], "summary": {"covered_lines": 0, "num_statements": 3, "percent_covered": 0.0, "percent_covered_display": "0", "missing_lines": 3, "excluded_lines": 0, "percent_statements_covered": 0.0, "percent_statements_covered_display": "0"}, "missing_lines": [71, 72, 73], "excluded_lines": []}, "Settings.qdrant_url": {"executed_lines": [], "summary": {"covered_lines": 0, "num_statements": 1, "percent_covered": 0.0, "percent_covered_display": "0", "missing_lines": 1, "excluded_lines": 0, "percent_statements_covered": 0.0, "percent_statements_covered_display": "0"}, "missing_lines": [86], "excluded_lines": []}, "": {"executed_lines": [1, 6, 7, 8, 10, 17, 18, 21, 26, 27, 31, 38, 39, 44, 45, 46, 53, 54, 55, 56, 57, 60, 63, 64, 65, 66, 68, 69, 76, 77, 80, 81, 83, 84, 89, 90, 91, 92, 98, 99, 100, 103, 104, 107, 108, 114, 115, 116, 119, 120, 123, 124, 125, 126, 128, 129, 130, 131, 135], "summary": {"covered_lines": 57, "num_statements": 57, "percent_covered": 100.0, "percent_covered_display": "100", "missing_lines": 0, "excluded_lines": 0, "percent_statements_covered": 100.0, "percent_statements_covered_display": "100"}, "missing_lines": [], "excluded_lines": []}}, "classes": {"Settings": {"executed_lines": [48, 50], "summary": {"covered_lines": 2, "num_statements": 7, "percent_covered": 28.571428571428573, "percent_covered_display": "29", "missing_lines": 5, "excluded_lines": 0, "percent_statements_covered": 28.571428571428573, "percent_statements_covered_display": "29"}, "missing_lines": [49, 71, 72, 73, 86], "excluded_lines": []}, "Settings.Config": {"executed_lines": [], "summary": {"covered_lines": 0, "num_statements": 0, "percent_covered": 100.0, "percent_covered_display": "100", "missing_lines": 0, "excluded_lines": 0, "percent_statements_covered": 100.0, "percent_statements_covered_display": "100"}, "missing_lines": [], "excluded_lines": []}, "": {"executed_lines": [1, 6, 7, 8, 10, 17, 18, 21, 26, 27, 31, 38, 39, 44, 45, 46, 53, 54, 55, 56, 57, 60, 63, 64, 65, 66, 68, 69, 76, 77, 80, 81, 83, 84, 89, 90, 91, 92, 98, 99, 100, 103, 104, 107, 108, 114, 115, 116, 119, 120, 123, 124, 125, 126, 128, 129, 130, 131, 135], "summary": {"covered_lines": 57, "num_statements": 57, "percent_covered": 100.0, "percent_covered_display": "100", "missing_lines": 0, "excluded_lines": 0, "percent_statements_covered": 100.0, "percent_statements_covered_display": "100"}, "missing_lines": [], "excluded_lines": []}}}, "app/constants.py": {"executed_lines": [1, 6, 9, 12, 13, 14, 15, 16, 19, 20, 21, 22, 25, 26, 27, 28, 31, 32, 33, 34, 37, 38, 39, 40, 41, 44, 45, 46, 47, 50, 51, 52, 55, 56, 57, 60, 65, 70, 77, 78, 81, 82, 83, 84, 87, 88, 94, 95, 98, 99, 100, 101, 104, 105, 106, 109, 110, 113], "summary": {"covered_lines": 57, "num_statements": 57, "percent_covered": 100.0, "percent_covered_display": "100", "missing_lines": 0, "excluded_lines": 0, "percent_statements_covered": 100.0, "percent_statements_covered_display": "100"}, "missing_lines": [], "excluded_lines": [], "functions": {"": {"executed_lines": [1, 6, 9, 12, 13, 14, 15, 16, 19, 20, 21, 22, 25, 26, 27, 28, 31, 32, 33, 34, 37, 38, 39, 40, 41, 44, 45, 46, 47, 50, 51, 52, 55, 56, 57, 60, 65, 70, 77, 78, 81, 82, 83, 84, 87, 88, 94, 95, 98, 99, 100, 101, 104, 105, 106, 109, 110, 113], "summary": {"covered_lines": 57, "num_statements": 57, "percent_covered": 100.0, "percent_covered_display": "100", "missing_lines": 0, "excluded_lines": 0, "percent_statements_covered": 100.0, "percent_statements_covered_display": "100"}, "missing_lines": [], "excluded_lines": []}}, "classes": {"": {"executed_lines": [1, 6, 9, 12, 13, 14, 15, 16, 19, 20, 21, 22, 25, 26, 27, 28, 31, 32, 33, 34, 37, 38, 39, 40, 41, 44, 45, 46, 47, 50, 51, 52, 55, 56, 57, 60, 65, 70, 77, 78, 81, 82, 83, 84, 87, 88, 94, 95, 98, 99, 100, 101, 104, 105, 106, 109, 110, 113], "summary": {"covered_lines": 57, "num_statements": 57, "percent_covered": 100.0, "percent_covered_display": "100", "missing_lines": 0, "excluded_lines": 0, "percent_statements_covered": 100.0, "percent_statements_covered_display": "100"}, "missing_lines": [], "excluded_lines": []}}}, "app/core/__init__.py": {"executed_lines": [1], "summary": {"covered_lines": 0, "num_statements": 0, "percent_covered": 100.0, "percent_covered_display": "100", "missing_lines": 0, "excluded_lines": 0, "percent_statements_covered": 100.0, "percent_statements_covered_display": "100"}, "missing_lines": [], "excluded_lines": [], "functions": {"": {"executed_lines": [1], "summary": {"covered_lines": 0, "num_statements": 0, "percent_covered": 100.0, "percent_covered_display": "100", "missing_lines": 0, "excluded_lines": 0, "percent_statements_covered": 100.0, "percent_statements_covered_display": "100"}, "missing_lines": [], "excluded_lines": []}}, "classes": {"": {"executed_lines": [1], "summary": {"covered_lines": 0, "num_statements": 0, "percent_covered": 100.0, "percent_covered_display": "100", "missing_lines": 0, "excluded_lines": 0, "percent_statements_covered": 100.0, "percent_statements_covered_display": "100"}, "missing_lines": [], "excluded_lines": []}}}, "app/core/database.py": {"executed_lines": [1, 5, 6, 7, 8, 9, 10, 11, 12, 13, 15, 16, 18, 21, 24, 25, 27, 28, 33, 34, 35, 38, 39, 40, 43, 44, 45, 48, 49, 51, 55, 56, 58, 60, 61, 62, 63, 66, 67, 70, 71, 72, 74, 76, 80, 81, 83, 85, 86, 87, 90, 91, 92, 94, 96, 100, 101, 103, 105, 106, 107, 110, 111, 114, 115, 117, 119, 123, 124, 126, 128, 129, 132, 133, 134, 137, 138, 141, 142, 143, 145, 150, 152, 153, 158, 165, 172, 178, 180, 181, 182, 184], "summary": {"covered_lines": 86, "num_statements": 94, "percent_covered": 91.48936170212765, "percent_covered_display": "91", "missing_lines": 8, "excluded_lines": 0, "percent_statements_covered": 91.48936170212765, "percent_statements_covered_display": "91"}, "missing_lines": [52, 77, 97, 120, 146, 154, 174, 175], "excluded_lines": [], "functions": {"Persona.__repr__": {"executed_lines": [], "summary": {"covered_lines": 0, "num_statements": 1, "percent_covered": 0.0, "percent_covered_display": "0", "missing_lines": 1, "excluded_lines": 0, "percent_statements_covered": 0.0, "percent_statements_covered_display": "0"}, "missing_lines": [52], "excluded_lines": []}, "ScrapedData.__repr__": {"executed_lines": [], "summary": {"covered_lines": 0, "num_statements": 1, "percent_covered": 0.0, "percent_covered_display": "0", "missing_lines": 1, "excluded_lines": 0, "percent_statements_covered": 0.0, "percent_statements_covered_display": "0"}, "missing_lines": [77], "excluded_lines": []}, "UserFeedback.__repr__": {"executed_lines": [], "summary": {"covered_lines": 0, "num_statements": 1, "percent_covered": 0.0, "percent_covered_display": "0", "missing_lines": 1, "excluded_lines": 0, "percent_statements_covered": 0.0, "percent_statements_covered_display": "0"}, "missing_lines": [97], "excluded_lines": []}, "ModelVersion.__repr__": {"executed_lines": [], "summary": {"covered_lines": 0, "num_statements": 1, "percent_covered": 0.0, "percent_covered_display": "0", "missing_lines": 1, "excluded_lines": 0, "percent_statements_covered": 0.0, "percent_statements_covered_display": "0"}, "missing_lines": [120], "excluded_lines": []}, "JobStatus.__repr__": {"executed_lines": [], "summary": {"covered_lines": 0, "num_statements": 1, "percent_covered": 0.0, "percent_covered_display": "0", "missing_lines": 1, "excluded_lines": 0, "percent_statements_covered": 0.0, "percent_statements_covered_display": "0"}, "missing_lines": [146], "excluded_lines": []}, "get_database_url": {"executed_lines": [152, 153], "summary": {"covered_lines": 2, "num_statements": 3, "percent_covered": 66.66666666666667, "percent_covered_display": "67", "missing_lines": 1, "excluded_lines": 0, "percent_statements_covered": 66.66666666666667, "percent_statements_covered_display": "67"}, "missing_lines": [154], "excluded_lines": []}, "init_db": {"executed_lines": [], "summary": {"covered_lines": 0, "num_statements": 2, "percent_covered": 0.0, "percent_covered_display": "0", "missing_lines": 2, "excluded_lines": 0, "percent_statements_covered": 0.0, "percent_statements_covered_display": "0"}, "missing_lines": [174, 175], "excluded_lines": []}, "get_db": {"executed_lines": [180, 181, 182, 184], "summary": {"covered_lines": 4, "num_statements": 4, "percent_covered": 100.0, "percent_covered_display": "100", "missing_lines": 0, "excluded_lines": 0, "percent_statements_covered": 100.0, "percent_statements_covered_display": "100"}, "missing_lines": [], "excluded_lines": []}, "": {"executed_lines": [1, 5, 6, 7, 8, 9, 10, 11, 12, 13, 15, 16, 18, 21, 24, 25, 27, 28, 33, 34, 35, 38, 39, 40, 43, 44, 45, 48, 49, 51, 55, 56, 58, 60, 61, 62, 63, 66, 67, 70, 71, 72, 74, 76, 80, 81, 83, 85, 86, 87, 90, 91, 92, 94, 96, 100, 101, 103, 105, 106, 107, 110, 111, 114, 115, 117, 119, 123, 124, 126, 128, 129, 132, 133, 134, 137, 138, 141, 142, 143, 145, 150, 158, 165, 172, 178], "summary": {"covered_lines": 80, "num_statements": 80, "percent_covered": 100.0, "percent_covered_display": "100", "missing_lines": 0, "excluded_lines": 0, "percent_statements_covered": 100.0, "percent_statements_covered_display": "100"}, "missing_lines": [], "excluded_lines": []}}, "classes": {"Persona": {"executed_lines": [], "summary": {"covered_lines": 0, "num_statements": 1, "percent_covered": 0.0, "percent_covered_display": "0", "missing_lines": 1, "excluded_lines": 0, "percent_statements_covered": 0.0, "percent_statements_covered_display": "0"}, "missing_lines": [52], "excluded_lines": []}, "ScrapedData": {"executed_lines": [], "summary": {"covered_lines": 0, "num_statements": 1, "percent_covered": 0.0, "percent_covered_display": "0", "missing_lines": 1, "excluded_lines": 0, "percent_statements_covered": 0.0, "percent_statements_covered_display": "0"}, "missing_lines": [77], "excluded_lines": []}, "UserFeedback": {"executed_lines": [], "summary": {"covered_lines": 0, "num_statements": 1, "percent_covered": 0.0, "percent_covered_display": "0", "missing_lines": 1, "excluded_lines": 0, "percent_statements_covered": 0.0, "percent_statements_covered_display": "0"}, "missing_lines": [97], "excluded_lines": []}, "ModelVersion": {"executed_lines": [], "summary": {"covered_lines": 0, "num_statements": 1, "percent_covered": 0.0, "percent_covered_display": "0", "missing_lines": 1, "excluded_lines": 0, "percent_statements_covered": 0.0, "percent_statements_covered_display": "0"}, "missing_lines": [120], "excluded_lines": []}, "JobStatus": {"executed_lines": [], "summary": {"covered_lines": 0, "num_statements": 1, "percent_covered": 0.0, "percent_covered_display": "0", "missing_lines": 1, "excluded_lines": 0, "percent_statements_covered": 0.0, "percent_statements_covered_display": "0"}, "missing_lines": [146], "excluded_lines": []}, "": {"executed_lines": [1, 5, 6, 7, 8, 9, 10, 11, 12, 13, 15, 16, 18, 21, 24, 25, 27, 28, 33, 34, 35, 38, 39, 40, 43, 44, 45, 48, 49, 51, 55, 56, 58, 60, 61, 62, 63, 66, 67, 70, 71, 72, 74, 76, 80, 81, 83, 85, 86, 87, 90, 91, 92, 94, 96, 100, 101, 103, 105, 106, 107, 110, 111, 114, 115, 117, 119, 123, 124, 126, 128, 129, 132, 133, 134, 137, 138, 141, 142, 143, 145, 150, 152, 153, 158, 165, 172, 178, 180, 181, 182, 184], "summary": {"covered_lines": 86, "num_statements": 89, "percent_covered": 96.62921348314607, "percent_covered_display": "97", "missing_lines": 3, "excluded_lines": 0, "percent_statements_covered": 96.62921348314607, "percent_statements_covered_display": "97"}, "missing_lines": [154, 174, 175], "excluded_lines": []}}}, "app/core/schemas.py": {"executed_lines": [1, 5, 6, 7, 12, 13, 15, 16, 17, 18, 19, 21, 22, 34, 35, 37, 38, 39, 40, 41, 46, 47, 49, 50, 51, 52, 53, 56, 57, 59, 60, 61, 62, 65, 66, 68, 69, 70, 73, 74, 76, 77, 78, 79, 82, 83, 85, 86, 87, 88, 89, 90, 91, 92, 95, 96, 98, 99, 100, 101, 103, 104, 105, 107, 108, 110, 111, 113, 114, 146, 147, 149, 150, 151, 152, 153, 154, 155, 156, 159, 160, 162, 163, 164, 165], "summary": {"covered_lines": 74, "num_statements": 74, "percent_covered": 100.0, "percent_covered_display": "100", "missing_lines": 0, "excluded_lines": 0, "percent_statements_covered": 100.0, "percent_statements_covered_display": "100"}, "missing_lines": [], "excluded_lines": [], "functions": {"": {"executed_lines": [1, 5, 6, 7, 12, 13, 15, 16, 17, 18, 19, 21, 22, 34, 35, 37, 38, 39, 40, 41, 46, 47, 49, 50, 51, 52, 53, 56, 57, 59, 60, 61, 62, 65, 66, 68, 69, 70, 73, 74, 76, 77, 78, 79, 82, 83, 85, 86, 87, 88, 89, 90, 91, 92, 95, 96, 98, 99, 100, 101, 103, 104, 105, 107, 108, 110, 111, 113, 114, 146, 147, 149, 150, 151, 152, 153, 154, 155, 156, 159, 160, 162, 163, 164, 165], "summary": {"covered_lines": 74, "num_statements": 74, "percent_covered": 100.0, "percent_covered_display": "100", "missing_lines": 0, "excluded_lines": 0, "percent_statements_covered": 100.0, "percent_statements_covered_display": "100"}, "missing_lines": [], "excluded_lines": []}}, "classes": {"PersonaGenerationRequest": {"executed_lines": [], "summary": {"covered_lines": 0, "num_statements": 0, "percent_covered": 100.0, "percent_covered_display": "100", "missing_lines": 0, "excluded_lines": 0, "percent_statements_covered": 100.0, "percent_statements_covered_display": "100"}, "missing_lines": [], "excluded_lines": []}, "PersonaGenerationRequest.Config": {"executed_lines": [], "summary": {"covered_lines": 0, "num_statements": 0, "percent_covered": 100.0, "percent_covered_display": "100", "missing_lines": 0, "excluded_lines": 0, "percent_statements_covered": 100.0, "percent_statements_covered_display": "100"}, "missing_lines": [], "excluded_lines": []}, "FeedbackRequest": {"executed_lines": [], "summary": {"covered_lines": 0, "num_statements": 0, "percent_covered": 100.0, "percent_covered_display": "100", "missing_lines": 0, "excluded_lines": 0, "percent_statements_covered": 100.0, "percent_statements_covered_display": "100"}, "missing_lines": [], "excluded_lines": []}, "LocationContext": {"executed_lines": [], "summary": {"covered_lines": 0, "num_statements": 0, "percent_covered": 100.0, "percent_covered_display": "100", "missing_lines": 0, "excluded_lines": 0, "percent_statements_covered": 100.0, "percent_statements_covered_display": "100"}, "missing_lines": [], "excluded_lines": []}, "BusinessMetrics": {"executed_lines": [], "summary": {"covered_lines": 0, "num_statements": 0, "percent_covered": 100.0, "percent_covered_display": "100", "missing_lines": 0, "excluded_lines": 0, "percent_statements_covered": 100.0, "percent_statements_covered_display": "100"}, "missing_lines": [], "excluded_lines": []}, "DigitalPresence": {"executed_lines": [], "summary": {"covered_lines": 0, "num_statements": 0, "percent_covered": 100.0, "percent_covered_display": "100", "missing_lines": 0, "excluded_lines": 0, "percent_statements_covered": 100.0, "percent_statements_covered_display": "100"}, "missing_lines": [], "excluded_lines": []}, "PersonaScores": {"executed_lines": [], "summary": {"covered_lines": 0, "num_statements": 0, "percent_covered": 100.0, "percent_covered_display": "100", "missing_lines": 0, "excluded_lines": 0, "percent_statements_covered": 100.0, "percent_statements_covered_display": "100"}, "missing_lines": [], "excluded_lines": []}, "StructuredPersona": {"executed_lines": [], "summary": {"covered_lines": 0, "num_statements": 0, "percent_covered": 100.0, "percent_covered_display": "100", "missing_lines": 0, "excluded_lines": 0, "percent_statements_covered": 100.0, "percent_statements_covered_display": "100"}, "missing_lines": [], "excluded_lines": []}, "PersonaResponse": {"executed_lines": [], "summary": {"covered_lines": 0, "num_statements": 0, "percent_covered": 100.0, "percent_covered_display": "100", "missing_lines": 0, "excluded_lines": 0, "percent_statements_covered": 100.0, "percent_statements_covered_display": "100"}, "missing_lines": [], "excluded_lines": []}, "PersonaResponse.Config": {"executed_lines": [], "summary": {"covered_lines": 0, "num_statements": 0, "percent_covered": 100.0, "percent_covered_display": "100", "missing_lines": 0, "excluded_lines": 0, "percent_statements_covered": 100.0, "percent_statements_covered_display": "100"}, "missing_lines": [], "excluded_lines": []}, "JobStatusResponse": {"executed_lines": [], "summary": {"covered_lines": 0, "num_statements": 0, "percent_covered": 100.0, "percent_covered_display": "100", "missing_lines": 0, "excluded_lines": 0, "percent_statements_covered": 100.0, "percent_statements_covered_display": "100"}, "missing_lines": [], "excluded_lines": []}, "HealthResponse": {"executed_lines": [], "summary": {"covered_lines": 0, "num_statements": 0, "percent_covered": 100.0, "percent_covered_display": "100", "missing_lines": 0, "excluded_lines": 0, "percent_statements_covered": 100.0, "percent_statements_covered_display": "100"}, "missing_lines": [], "excluded_lines": []}, "": {"executed_lines": [1, 5, 6, 7, 12, 13, 15, 16, 17, 18, 19, 21, 22, 34, 35, 37, 38, 39, 40, 41, 46, 47, 49, 50, 51, 52, 53, 56, 57, 59, 60, 61, 62, 65, 66, 68, 69, 70, 73, 74, 76, 77, 78, 79, 82, 83, 85, 86, 87, 88, 89, 90, 91, 92, 95, 96, 98, 99, 100, 101, 103, 104, 105, 107, 108, 110, 111, 113, 114, 146, 147, 149, 150, 151, 152, 153, 154, 155, 156, 159, 160, 162, 163, 164, 165], "summary": {"covered_lines": 74, "num_statements": 74, "percent_covered": 100.0, "percent_covered_display": "100", "missing_lines": 0, "excluded_lines": 0, "percent_statements_covered": 100.0, "percent_statements_covered_display": "100"}, "missing_lines": [], "excluded_lines": []}}}, "app/enrichment/__init__.py": {"executed_lines": [1], "summary": {"covered_lines": 0, "num_statements": 0, "percent_covered": 100.0, "percent_covered_display": "100", "missing_lines": 0, "excluded_lines": 0, "percent_statements_covered": 100.0, "percent_statements_covered_display": "100"}, "missing_lines": [], "excluded_lines": [], "functions": {"": {"executed_lines": [1], "summary": {"covered_lines": 0, "num_statements": 0, "percent_covered": 100.0, "percent_covered_display": "100", "missing_lines": 0, "excluded_lines": 0, "percent_statements_covered": 100.0, "percent_statements_covered_display": "100"}, "missing_lines": [], "excluded_lines": []}}, "classes": {"": {"executed_lines": [1], "summary": {"covered_lines": 0, "num_statements": 0, "percent_covered": 100.0, "percent_covered_display": "100", "missing_lines": 0, "excluded_lines": 0, "percent_statements_covered": 100.0, "percent_statements_covered_display": "100"}, "missing_lines": [], "excluded_lines": []}}}, "app/enrichment/enrichment_engine.py": {"executed_lines": [1, 3, 4, 5, 6, 7, 8, 10, 18, 20, 23, 24, 26, 29, 30, 31, 32, 35, 38, 39, 41, 42, 44, 45, 46, 48, 49, 50, 51, 52, 54, 55, 57, 59, 63, 64, 65, 66, 67, 68, 76, 87, 89, 97, 99, 102, 103, 104, 107, 113, 114, 115, 116, 117, 119, 147, 150, 151, 154, 160, 161, 163, 164, 165, 166, 167, 168, 170, 171, 189, 191, 192, 195, 202, 203, 205, 212, 214, 220, 222, 224, 227, 229, 231, 249, 251, 253, 254, 256, 309, 311, 313, 314, 316, 318, 319, 320, 323, 325, 327, 328, 329, 330, 333, 335, 337, 339, 340, 341, 342, 346, 348, 350, 351, 352, 353, 354, 355, 356, 358, 360, 362, 365], "summary": {"covered_lines": 121, "num_statements": 141, "percent_covered": 85.81560283687944, "percent_covered_display": "86", "missing_lines": 20, "excluded_lines": 0, "percent_statements_covered": 85.81560283687944, "percent_statements_covered_display": "86"}, "missing_lines": [60, 61, 69, 70, 71, 72, 73, 74, 133, 134, 180, 223, 225, 321, 331, 344, 357, 359, 361, 363], "excluded_lines": [], "functions": {"EnrichmentEngine.__init__": {"executed_lines": [29, 30, 31, 32, 35, 38, 39], "summary": {"covered_lines": 7, "num_statements": 7, "percent_covered": 100.0, "percent_covered_display": "100", "missing_lines": 0, "excluded_lines": 0, "percent_statements_covered": 100.0, "percent_statements_covered_display": "100"}, "missing_lines": [], "excluded_lines": []}, "EnrichmentEngine._get_connection": {"executed_lines": [44, 45, 46, 48, 49, 50, 51, 52, 54, 55], "summary": {"covered_lines": 10, "num_statements": 10, "percent_covered": 100.0, "percent_covered_display": "100", "missing_lines": 0, "excluded_lines": 0, "percent_statements_covered": 100.0, "percent_statements_covered_display": "100"}, "missing_lines": [], "excluded_lines": []}, "EnrichmentEngine._query_db": {"executed_lines": [59, 63, 64, 65, 66, 67, 68], "summary": {"covered_lines": 7, "num_statements": 15, "percent_covered": 46.666666666666664, "percent_covered_display": "47", "missing_lines": 8, "excluded_lines": 0, "percent_statements_covered": 46.666666666666664, "percent_statements_covered_display": "47"}, "missing_lines": [60, 61, 69, 70, 71, 72, 73, 74], "excluded_lines": []}, "EnrichmentEngine.enrich": {"executed_lines": [87, 89, 97], "summary": {"covered_lines": 3, "num_statements": 3, "percent_covered": 100.0, "percent_covered_display": "100", "missing_lines": 0, "excluded_lines": 0, "percent_statements_covered": 100.0, "percent_statements_covered_display": "100"}, "missing_lines": [], "excluded_lines": []}, "EnrichmentEngine._enrich_location": {"executed_lines": [102, 103, 104, 107, 113, 114, 115, 116, 117, 119], "summary": {"covered_lines": 10, "num_statements": 12, "percent_covered": 83.33333333333333, "percent_covered_display": "83", "missing_lines": 2, "excluded_lines": 0, "percent_statements_covered": 83.33333333333333, "percent_statements_covered_display": "83"}, "missing_lines": [133, 134], "excluded_lines": []}, "EnrichmentEngine._enrich_industry": {"executed_lines": [150, 151, 154, 160, 161, 163, 164, 165, 166, 167, 168, 170, 171], "summary": {"covered_lines": 13, "num_statements": 14, "percent_covered": 92.85714285714286, "percent_covered_display": "93", "missing_lines": 1, "excluded_lines": 0, "percent_statements_covered": 92.85714285714286, "percent_statements_covered_display": "93"}, "missing_lines": [180], "excluded_lines": []}, "EnrichmentEngine._enrich_competitive": {"executed_lines": [191, 192, 195, 202, 203, 205], "summary": {"covered_lines": 6, "num_statements": 6, "percent_covered": 100.0, "percent_covered_display": "100", "missing_lines": 0, "excluded_lines": 0, "percent_statements_covered": 100.0, "percent_statements_covered_display": "100"}, "missing_lines": [], "excluded_lines": []}, "EnrichmentEngine._calculate_competitive_intensity": {"executed_lines": [214, 220, 222, 224, 227], "summary": {"covered_lines": 5, "num_statements": 7, "percent_covered": 71.42857142857143, "percent_covered_display": "71", "missing_lines": 2, "excluded_lines": 0, "percent_statements_covered": 71.42857142857143, "percent_statements_covered_display": "71"}, "missing_lines": [223, 225], "excluded_lines": []}, "EnrichmentEngine._generate_differentiation_opportunities": {"executed_lines": [231, 249], "summary": {"covered_lines": 2, "num_statements": 2, "percent_covered": 100.0, "percent_covered_display": "100", "missing_lines": 0, "excluded_lines": 0, "percent_statements_covered": 100.0, "percent_statements_covered_display": "100"}, "missing_lines": [], "excluded_lines": []}, "EnrichmentEngine._compute_temporal_attributes": {"executed_lines": [253, 254, 256, 309], "summary": {"covered_lines": 4, "num_statements": 4, "percent_covered": 100.0, "percent_covered_display": "100", "missing_lines": 0, "excluded_lines": 0, "percent_statements_covered": 100.0, "percent_statements_covered_display": "100"}, "missing_lines": [], "excluded_lines": []}, "EnrichmentEngine._estimate_affluence_score": {"executed_lines": [313, 314, 316, 318, 319, 320, 323], "summary": {"covered_lines": 7, "num_statements": 8, "percent_covered": 87.5, "percent_covered_display": "88", "missing_lines": 1, "excluded_lines": 0, "percent_statements_covered": 87.5, "percent_statements_covered_display": "88"}, "missing_lines": [321], "excluded_lines": []}, "EnrichmentEngine._classify_city_tier": {"executed_lines": [327, 328, 329, 330, 333], "summary": {"covered_lines": 5, "num_statements": 6, "percent_covered": 83.33333333333333, "percent_covered_display": "83", "missing_lines": 1, "excluded_lines": 0, "percent_statements_covered": 83.33333333333333, "percent_statements_covered_display": "83"}, "missing_lines": [331], "excluded_lines": []}, "EnrichmentEngine._generate_market_context": {"executed_lines": [337, 339, 340, 341, 342], "summary": {"covered_lines": 5, "num_statements": 6, "percent_covered": 83.33333333333333, "percent_covered_display": "83", "missing_lines": 1, "excluded_lines": 0, "percent_statements_covered": 83.33333333333333, "percent_statements_covered_display": "83"}, "missing_lines": [344], "excluded_lines": []}, "EnrichmentEngine._calculate_completeness": {"executed_lines": [348, 350, 351, 352, 353, 354, 355, 356, 358, 360, 362, 365], "summary": {"covered_lines": 12, "num_statements": 16, "percent_covered": 75.0, "percent_covered_display": "75", "missing_lines": 4, "excluded_lines": 0, "percent_statements_covered": 75.0, "percent_statements_covered_display": "75"}, "missing_lines": [357, 359, 361, 363], "excluded_lines": []}, "": {"executed_lines": [1, 3, 4, 5, 6, 7, 8, 10, 18, 20, 23, 24, 26, 41, 42, 57, 76, 99, 147, 189, 212, 229, 251, 311, 325, 335, 346], "summary": {"covered_lines": 25, "num_statements": 25, "percent_covered": 100.0, "percent_covered_display": "100", "missing_lines": 0, "excluded_lines": 0, "percent_statements_covered": 100.0, "percent_statements_covered_display": "100"}, "missing_lines": [], "excluded_lines": []}}, "classes": {"EnrichmentEngine": {"executed_lines": [29, 30, 31, 32, 35, 38, 39, 44, 45, 46, 48, 49, 50, 51, 52, 54, 55, 59, 63, 64, 65, 66, 67, 68, 87, 89, 97, 102, 103, 104, 107, 113, 114, 115, 116, 117, 119, 150, 151, 154, 160, 161, 163, 164, 165, 166, 167, 168, 170, 171, 191, 192, 195, 202, 203, 205, 214, 220, 222, 224, 227, 231, 249, 253, 254, 256, 309, 313, 314, 316, 318, 319, 320, 323, 327, 328, 329, 330, 333, 337, 339, 340, 341, 342, 348, 350, 351, 352, 353, 354, 355, 356, 358, 360, 362, 365], "summary": {"covered_lines": 96, "num_statements": 116, "percent_covered": 82.75862068965517, "percent_covered_display": "83", "missing_lines": 20, "excluded_lines": 0, "percent_statements_covered": 82.75862068965517, "percent_statements_covered_display": "83"}, "missing_lines": [60, 61, 69, 70, 71, 72, 73, 74, 133, 134, 180, 223, 225, 321, 331, 344, 357, 359, 361, 363], "excluded_lines": []}, "": {"executed_lines": [1, 3, 4, 5, 6, 7, 8, 10, 18, 20, 23, 24, 26, 41, 42, 57, 76, 99, 147, 189, 212, 229, 251, 311, 325, 335, 346], "summary": {"covered_lines": 25, "num_statements": 25, "percent_covered": 100.0, "percent_covered_display": "100", "missing_lines": 0, "excluded_lines": 0, "percent_statements_covered": 100.0, "percent_statements_covered_display": "100"}, "missing_lines": [], "excluded_lines": []}}}, "app/extractors/__init__.py": {"executed_lines": [1], "summary": {"covered_lines": 0, "num_statements": 0, "percent_covered": 100.0, "percent_covered_display": "100", "missing_lines": 0, "excluded_lines": 0, "percent_statements_covered": 100.0, "percent_statements_covered_display": "100"}, "missing_lines": [], "excluded_lines": [], "functions": {"": {"executed_lines": [1], "summary": {"covered_lines": 0, "num_statements": 0, "percent_covered": 100.0, "percent_covered_display": "100", "missing_lines": 0, "excluded_lines": 0, "percent_statements_covered": 100.0, "percent_statements_covered_display": "100"}, "missing_lines": [], "excluded_lines": []}}, "classes": {"": {"executed_lines": [1], "summary": {"covered_lines": 0, "num_statements": 0, "percent_covered": 100.0, "percent_covered_display": "100", "missing_lines": 0, "excluded_lines": 0, "percent_statements_covered": 100.0, "percent_statements_covered_display": "100"}, "missing_lines": [], "excluded_lines": []}}}, "app/extractors/entity_extractor.py": {"executed_lines": [1, 5, 6, 7, 8, 10, 13, 14, 16, 18, 19, 20, 25, 74, 94, 119, 136, 138, 139, 151], "summary": {"covered_lines": 18, "num_statements": 87, "percent_covered": 20.689655172413794, "percent_covered_display": "21", "missing_lines": 69, "excluded_lines": 0, "percent_statements_covered": 20.689655172413794, "percent_statements_covered_display": "21"}, "missing_lines": [21, 22, 23, 35, 37, 54, 55, 56, 58, 60, 61, 62, 63, 64, 65, 68, 70, 72, 76, 77, 79, 80, 82, 83, 85, 86, 88, 89, 91, 92, 96, 97, 99, 100, 102, 103, 106, 107, 109, 110, 111, 112, 113, 114, 115, 116, 117, 121, 123, 124, 125, 127, 128, 129, 130, 131, 132, 133, 134, 141, 142, 143, 144, 145, 146, 147, 148, 152, 154], "excluded_lines": [], "functions": {"EntityExtractor.__init__": {"executed_lines": [18, 19, 20], "summary": {"covered_lines": 3, "num_statements": 6, "percent_covered": 50.0, "percent_covered_display": "50", "missing_lines": 3, "excluded_lines": 0, "percent_statements_covered": 50.0, "percent_statements_covered_display": "50"}, "missing_lines": [21, 22, 23], "excluded_lines": []}, "EntityExtractor.extract_from_scraped_data": {"executed_lines": [], "summary": {"covered_lines": 0, "num_statements": 15, "percent_covered": 0.0, "percent_covered_display": "0", "missing_lines": 15, "excluded_lines": 0, "percent_statements_covered": 0.0, "percent_statements_covered_display": "0"}, "missing_lines": [35, 37, 54, 55, 56, 58, 60, 61, 62, 63, 64, 65, 68, 70, 72], "excluded_lines": []}, "EntityExtractor._extract_from_linkedin": {"executed_lines": [], "summary": {"covered_lines": 0, "num_statements": 12, "percent_covered": 0.0, "percent_covered_display": "0", "missing_lines": 12, "excluded_lines": 0, "percent_statements_covered": 0.0, "percent_statements_covered_display": "0"}, "missing_lines": [76, 77, 79, 80, 82, 83, 85, 86, 88, 89, 91, 92], "excluded_lines": []}, "EntityExtractor._extract_from_company": {"executed_lines": [], "summary": {"covered_lines": 0, "num_statements": 17, "percent_covered": 0.0, "percent_covered_display": "0", "missing_lines": 17, "excluded_lines": 0, "percent_statements_covered": 0.0, "percent_statements_covered_display": "0"}, "missing_lines": [96, 97, 99, 100, 102, 103, 106, 107, 109, 110, 111, 112, 113, 114, 115, 116, 117], "excluded_lines": []}, "EntityExtractor._extract_from_news": {"executed_lines": [], "summary": {"covered_lines": 0, "num_statements": 12, "percent_covered": 0.0, "percent_covered_display": "0", "missing_lines": 12, "excluded_lines": 0, "percent_statements_covered": 0.0, "percent_statements_covered_display": "0"}, "missing_lines": [121, 123, 124, 125, 127, 128, 129, 130, 131, 132, 133, 134], "excluded_lines": []}, "EntityExtractor._deduplicate_entities": {"executed_lines": [138, 139, 151], "summary": {"covered_lines": 3, "num_statements": 13, "percent_covered": 23.076923076923077, "percent_covered_display": "23", "missing_lines": 10, "excluded_lines": 0, "percent_statements_covered": 23.076923076923077, "percent_statements_covered_display": "23"}, "missing_lines": [141, 142, 143, 144, 145, 146, 147, 148, 152, 154], "excluded_lines": []}, "": {"executed_lines": [1, 5, 6, 7, 8, 10, 13, 14, 16, 25, 74, 94, 119, 136], "summary": {"covered_lines": 12, "num_statements": 12, "percent_covered": 100.0, "percent_covered_display": "100", "missing_lines": 0, "excluded_lines": 0, "percent_statements_covered": 100.0, "percent_statements_covered_display": "100"}, "missing_lines": [], "excluded_lines": []}}, "classes": {"EntityExtractor": {"executed_lines": [18, 19, 20, 138, 139, 151], "summary": {"covered_lines": 6, "num_statements": 75, "percent_covered": 8.0, "percent_covered_display": "8", "missing_lines": 69, "excluded_lines": 0, "percent_statements_covered": 8.0, "percent_statements_covered_display": "8"}, "missing_lines": [21, 22, 23, 35, 37, 54, 55, 56, 58, 60, 61, 62, 63, 64, 65, 68, 70, 72, 76, 77, 79, 80, 82, 83, 85, 86, 88, 89, 91, 92, 96, 97, 99, 100, 102, 103, 106, 107, 109, 110, 111, 112, 113, 114, 115, 116, 117, 121, 123, 124, 125, 127, 128, 129, 130, 131, 132, 133, 134, 141, 142, 143, 144, 145, 146, 147, 148, 152, 154], "excluded_lines": []}, "": {"executed_lines": [1, 5, 6, 7, 8, 10, 13, 14, 16, 25, 74, 94, 119, 136], "summary": {"covered_lines": 12, "num_statements": 12, "percent_covered": 100.0, "percent_covered_display": "100", "missing_lines": 0, "excluded_lines": 0, "percent_statements_covered": 100.0, "percent_statements_covered_display": "100"}, "missing_lines": [], "excluded_lines": []}}}, "app/features/__init__.py": {"executed_lines": [1], "summary": {"covered_lines": 0, "num_statements": 0, "percent_covered": 100.0, "percent_covered_display": "100", "missing_lines": 0, "excluded_lines": 0, "percent_statements_covered": 100.0, "percent_statements_covered_display": "100"}, "missing_lines": [], "excluded_lines": [], "functions": {"": {"executed_lines": [1], "summary": {"covered_lines": 0, "num_statements": 0, "percent_covered": 100.0, "percent_covered_display": "100", "missing_lines": 0, "excluded_lines": 0, "percent_statements_covered": 100.0, "percent_statements_covered_display": "100"}, "missing_lines": [], "excluded_lines": []}}, "classes": {"": {"executed_lines": [1], "summary": {"covered_lines": 0, "num_statements": 0, "percent_covered": 100.0, "percent_covered_display": "100", "missing_lines": 0, "excluded_lines": 0, "percent_statements_covered": 100.0, "percent_statements_covered_display": "100"}, "missing_lines": [], "excluded_lines": []}}}, "app/features/feature_engineer.py": {"executed_lines": [1, 5, 6, 7, 9, 12, 13, 15, 95, 102, 111, 129], "summary": {"covered_lines": 10, "num_statements": 70, "percent_covered": 14.285714285714286, "percent_covered_display": "14", "missing_lines": 60, "excluded_lines": 0, "percent_statements_covered": 14.285714285714286, "percent_statements_covered_display": "14"}, "missing_lines": [25, 27, 28, 29, 30, 32, 35, 36, 37, 38, 41, 42, 43, 44, 47, 48, 51, 52, 53, 56, 57, 60, 61, 68, 75, 76, 77, 80, 81, 84, 85, 86, 89, 91, 93, 97, 98, 99, 100, 104, 109, 113, 116, 119, 120, 121, 122, 125, 127, 131, 132, 134, 135, 136, 137, 138, 139, 140, 141, 143], "excluded_lines": [], "functions": {"FeatureEngineer.compute_features": {"executed_lines": [], "summary": {"covered_lines": 0, "num_statements": 35, "percent_covered": 0.0, "percent_covered_display": "0", "missing_lines": 35, "excluded_lines": 0, "percent_statements_covered": 0.0, "percent_statements_covered_display": "0"}, "missing_lines": [25, 27, 28, 29, 30, 32, 35, 36, 37, 38, 41, 42, 43, 44, 47, 48, 51, 52, 53, 56, 57, 60, 61, 68, 75, 76, 77, 80, 81, 84, 85, 86, 89, 91, 93], "excluded_lines": []}, "FeatureEngineer._get_attr_value": {"executed_lines": [], "summary": {"covered_lines": 0, "num_statements": 4, "percent_covered": 0.0, "percent_covered_display": "0", "missing_lines": 4, "excluded_lines": 0, "percent_statements_covered": 0.0, "percent_statements_covered_display": "0"}, "missing_lines": [97, 98, 99, 100], "excluded_lines": []}, "FeatureEngineer._encode_city_tier": {"executed_lines": [], "summary": {"covered_lines": 0, "num_statements": 2, "percent_covered": 0.0, "percent_covered_display": "0", "missing_lines": 2, "excluded_lines": 0, "percent_statements_covered": 0.0, "percent_statements_covered_display": "0"}, "missing_lines": [104, 109], "excluded_lines": []}, "FeatureEngineer._calculate_digital_footprint": {"executed_lines": [], "summary": {"covered_lines": 0, "num_statements": 8, "percent_covered": 0.0, "percent_covered_display": "0", "missing_lines": 8, "excluded_lines": 0, "percent_statements_covered": 0.0, "percent_statements_covered_display": "0"}, "missing_lines": [113, 116, 119, 120, 121, 122, 125, 127], "excluded_lines": []}, "FeatureEngineer._count_data_sources": {"executed_lines": [], "summary": {"covered_lines": 0, "num_statements": 11, "percent_covered": 0.0, "percent_covered_display": "0", "missing_lines": 11, "excluded_lines": 0, "percent_statements_covered": 0.0, "percent_statements_covered_display": "0"}, "missing_lines": [131, 132, 134, 135, 136, 137, 138, 139, 140, 141, 143], "excluded_lines": []}, "": {"executed_lines": [1, 5, 6, 7, 9, 12, 13, 15, 95, 102, 111, 129], "summary": {"covered_lines": 10, "num_statements": 10, "percent_covered": 100.0, "percent_covered_display": "100", "missing_lines": 0, "excluded_lines": 0, "percent_statements_covered": 100.0, "percent_statements_covered_display": "100"}, "missing_lines": [], "excluded_lines": []}}, "classes": {"FeatureEngineer": {"executed_lines": [], "summary": {"covered_lines": 0, "num_statements": 60, "percent_covered": 0.0, "percent_covered_display": "0", "missing_lines": 60, "excluded_lines": 0, "percent_statements_covered": 0.0, "percent_statements_covered_display": "0"}, "missing_lines": [25, 27, 28, 29, 30, 32, 35, 36, 37, 38, 41, 42, 43, 44, 47, 48, 51, 52, 53, 56, 57, 60, 61, 68, 75, 76, 77, 80, 81, 84, 85, 86, 89, 91, 93, 97, 98, 99, 100, 104, 109, 113, 116, 119, 120, 121, 122, 125, 127, 131, 132, 134, 135, 136, 137, 138, 139, 140, 141, 143], "excluded_lines": []}, "": {"executed_lines": [1, 5, 6, 7, 9, 12, 13, 15, 95, 102, 111, 129], "summary": {"covered_lines": 10, "num_statements": 10, "percent_covered": 100.0, "percent_covered_display": "100", "missing_lines": 0, "excluded_lines": 0, "percent_statements_covered": 100.0, "percent_statements_covered_display": "100"}, "missing_lines": [], "excluded_lines": []}}}, "app/generation/__init__.py": {"executed_lines": [1], "summary": {"covered_lines": 0, "num_statements": 0, "percent_covered": 100.0, "percent_covered_display": "100", "missing_lines": 0, "excluded_lines": 0, "percent_statements_covered": 100.0, "percent_statements_covered_display": "100"}, "missing_lines": [], "excluded_lines": [], "functions": {"": {"executed_lines": [1], "summary": {"covered_lines": 0, "num_statements": 0, "percent_covered": 100.0, "percent_covered_display": "100", "missing_lines": 0, "excluded_lines": 0, "percent_statements_covered": 100.0, "percent_statements_covered_display": "100"}, "missing_lines": [], "excluded_lines": []}}, "classes": {"": {"executed_lines": [1], "summary": {"covered_lines": 0, "num_statements": 0, "percent_covered": 100.0, "percent_covered_display": "100", "missing_lines": 0, "excluded_lines": 0, "percent_statements_covered": 100.0, "percent_statements_covered_display": "100"}, "missing_lines": [], "excluded_lines": []}}}, "app/generation/persona_generator.py": {"executed_lines": [1, 5, 6, 7, 9, 12, 13, 15, 62, 108, 126, 137, 150, 161, 176, 186, 193, 196, 200, 218, 243, 260, 273], "summary": {"covered_lines": 21, "num_statements": 132, "percent_covered": 15.909090909090908, "percent_covered_display": "16", "missing_lines": 111, "excluded_lines": 0, "percent_statements_covered": 15.909090909090908, "percent_statements_covered_display": "16"}, "missing_lines": [32, 34, 35, 38, 43, 44, 47, 48, 51, 53, 71, 72, 74, 75, 77, 110, 111, 112, 113, 114, 117, 118, 119, 120, 122, 124, 128, 129, 130, 131, 132, 133, 135, 139, 140, 141, 143, 144, 145, 146, 148, 152, 154, 155, 156, 157, 159, 163, 164, 165, 167, 168, 169, 170, 171, 172, 174, 178, 179, 180, 181, 182, 184, 197, 201, 202, 205, 206, 209, 210, 213, 214, 216, 220, 221, 223, 225, 226, 227, 228, 229, 230, 231, 232, 233, 234, 235, 236, 238, 239, 241, 245, 248, 249, 250, 252, 258, 262, 264, 265, 266, 267, 268, 269, 271, 275, 277, 278, 279, 280, 282], "excluded_lines": [], "functions": {"PersonaGenerator.generate": {"executed_lines": [], "summary": {"covered_lines": 0, "num_statements": 10, "percent_covered": 0.0, "percent_covered_display": "0", "missing_lines": 10, "excluded_lines": 0, "percent_statements_covered": 0.0, "percent_statements_covered_display": "0"}, "missing_lines": [32, 34, 35, 38, 43, 44, 47, 48, 51, 53], "excluded_lines": []}, "PersonaGenerator._build_structured_persona": {"executed_lines": [], "summary": {"covered_lines": 0, "num_statements": 5, "percent_covered": 0.0, "percent_covered_display": "0", "missing_lines": 5, "excluded_lines": 0, "percent_statements_covered": 0.0, "percent_statements_covered_display": "0"}, "missing_lines": [71, 72, 74, 75, 77], "excluded_lines": []}, "PersonaGenerator._generate_narrative": {"executed_lines": [], "summary": {"covered_lines": 0, "num_statements": 11, "percent_covered": 0.0, "percent_covered_display": "0", "missing_lines": 11, "excluded_lines": 0, "percent_statements_covered": 0.0, "percent_statements_covered_display": "0"}, "missing_lines": [110, 111, 112, 113, 114, 117, 118, 119, 120, 122, 124], "excluded_lines": []}, "PersonaGenerator._generate_intro": {"executed_lines": [], "summary": {"covered_lines": 0, "num_statements": 7, "percent_covered": 0.0, "percent_covered_display": "0", "missing_lines": 7, "excluded_lines": 0, "percent_statements_covered": 0.0, "percent_statements_covered_display": "0"}, "missing_lines": [128, 129, 130, 131, 132, 133, 135], "excluded_lines": []}, "PersonaGenerator._generate_location_section": {"executed_lines": [], "summary": {"covered_lines": 0, "num_statements": 8, "percent_covered": 0.0, "percent_covered_display": "0", "missing_lines": 8, "excluded_lines": 0, "percent_statements_covered": 0.0, "percent_statements_covered_display": "0"}, "missing_lines": [139, 140, 141, 143, 144, 145, 146, 148], "excluded_lines": []}, "PersonaGenerator._generate_digital_section": {"executed_lines": [], "summary": {"covered_lines": 0, "num_statements": 6, "percent_covered": 0.0, "percent_covered_display": "0", "missing_lines": 6, "excluded_lines": 0, "percent_statements_covered": 0.0, "percent_statements_covered_display": "0"}, "missing_lines": [152, 154, 155, 156, 157, 159], "excluded_lines": []}, "PersonaGenerator._generate_readiness_section": {"executed_lines": [], "summary": {"covered_lines": 0, "num_statements": 10, "percent_covered": 0.0, "percent_covered_display": "0", "missing_lines": 10, "excluded_lines": 0, "percent_statements_covered": 0.0, "percent_statements_covered_display": "0"}, "missing_lines": [163, 164, 165, 167, 168, 169, 170, 171, 172, 174], "excluded_lines": []}, "PersonaGenerator._generate_short_narrative": {"executed_lines": [], "summary": {"covered_lines": 0, "num_statements": 6, "percent_covered": 0.0, "percent_covered_display": "0", "missing_lines": 6, "excluded_lines": 0, "percent_statements_covered": 0.0, "percent_statements_covered_display": "0"}, "missing_lines": [178, 179, 180, 181, 182, 184], "excluded_lines": []}, "PersonaGenerator._generate_insights": {"executed_lines": [193, 196, 200], "summary": {"covered_lines": 3, "num_statements": 13, "percent_covered": 23.076923076923077, "percent_covered_display": "23", "missing_lines": 10, "excluded_lines": 0, "percent_statements_covered": 23.076923076923077, "percent_statements_covered_display": "23"}, "missing_lines": [197, 201, 202, 205, 206, 209, 210, 213, 214, 216], "excluded_lines": []}, "PersonaGenerator._generate_recommendations": {"executed_lines": [], "summary": {"covered_lines": 0, "num_statements": 18, "percent_covered": 0.0, "percent_covered_display": "0", "missing_lines": 18, "excluded_lines": 0, "percent_statements_covered": 0.0, "percent_statements_covered_display": "0"}, "missing_lines": [220, 221, 223, 225, 226, 227, 228, 229, 230, 231, 232, 233, 234, 235, 236, 238, 239, 241], "excluded_lines": []}, "PersonaGenerator._calculate_confidence": {"executed_lines": [], "summary": {"covered_lines": 0, "num_statements": 6, "percent_covered": 0.0, "percent_covered_display": "0", "missing_lines": 6, "excluded_lines": 0, "percent_statements_covered": 0.0, "percent_statements_covered_display": "0"}, "missing_lines": [245, 248, 249, 250, 252, 258], "excluded_lines": []}, "PersonaGenerator._classify_growth_stage": {"executed_lines": [], "summary": {"covered_lines": 0, "num_statements": 8, "percent_covered": 0.0, "percent_covered_display": "0", "missing_lines": 8, "excluded_lines": 0, "percent_statements_covered": 0.0, "percent_statements_covered_display": "0"}, "missing_lines": [262, 264, 265, 266, 267, 268, 269, 271], "excluded_lines": []}, "PersonaGenerator._classify_social_activity": {"executed_lines": [], "summary": {"covered_lines": 0, "num_statements": 6, "percent_covered": 0.0, "percent_covered_display": "0", "missing_lines": 6, "excluded_lines": 0, "percent_statements_covered": 0.0, "percent_statements_covered_display": "0"}, "missing_lines": [275, 277, 278, 279, 280, 282], "excluded_lines": []}, "": {"executed_lines": [1, 5, 6, 7, 9, 12, 13, 15, 62, 108, 126, 137, 150, 161, 176, 186, 218, 243, 260, 273], "summary": {"covered_lines": 18, "num_statements": 18, "percent_covered": 100.0, "percent_covered_display": "100", "missing_lines": 0, "excluded_lines": 0, "percent_statements_covered": 100.0, "percent_statements_covered_display": "100"}, "missing_lines": [], "excluded_lines": []}}, "classes": {"PersonaGenerator": {"executed_lines": [193, 196, 200], "summary": {"covered_lines": 3, "num_statements": 114, "percent_covered": 2.6315789473684212, "percent_covered_display": "3", "missing_lines": 111, "excluded_lines": 0, "percent_statements_covered": 2.6315789473684212, "percent_statements_covered_display": "3"}, "missing_lines": [32, 34, 35, 38, 43, 44, 47, 48, 51, 53, 71, 72, 74, 75, 77, 110, 111, 112, 113, 114, 117, 118, 119, 120, 122, 124, 128, 129, 130, 131, 132, 133, 135, 139, 140, 141, 143, 144, 145, 146, 148, 152, 154, 155, 156, 157, 159, 163, 164, 165, 167, 168, 169, 170, 171, 172, 174, 178, 179, 180, 181, 182, 184, 197, 201, 202, 205, 206, 209, 210, 213, 214, 216, 220, 221, 223, 225, 226, 227, 228, 229, 230, 231, 232, 233, 234, 235, 236, 238, 239, 241, 245, 248, 249, 250, 252, 258, 262, 264, 265, 266, 267, 268, 269, 271, 275, 277, 278, 279, 280, 282], "excluded_lines": []}, "": {"executed_lines": [1, 5, 6, 7, 9, 12, 13, 15, 62, 108, 126, 137, 150, 161, 176, 186, 218, 243, 260, 273], "summary": {"covered_lines": 18, "num_statements": 18, "percent_covered": 100.0, "percent_covered_display": "100", "missing_lines": 0, "excluded_lines": 0, "percent_statements_covered": 100.0, "percent_statements_covered_display": "100"}, "missing_lines": [], "excluded_lines": []}}}, "app/main.py": {"executed_lines": [1, 5, 6, 7, 8, 9, 10, 11, 12, 13, 15, 16, 17, 20, 24, 27, 28, 49, 60, 69, 72, 73, 74, 75, 78, 79, 81, 82, 85, 86, 89, 91, 92, 94, 95, 96, 114, 115, 116, 119, 120, 122, 132, 133, 158], "summary": {"covered_lines": 44, "num_statements": 68, "percent_covered": 64.70588235294117, "percent_covered_display": "65", "missing_lines": 24, "excluded_lines": 0, "percent_statements_covered": 64.70588235294117, "percent_statements_covered_display": "65"}, "missing_lines": [30, 33, 34, 37, 40, 42, 45, 98, 101, 102, 103, 104, 106, 108, 109, 111, 136, 137, 139, 141, 144, 146, 159, 160], "excluded_lines": [], "functions": {"lifespan": {"executed_lines": [], "summary": {"covered_lines": 0, "num_statements": 7, "percent_covered": 0.0, "percent_covered_display": "0", "missing_lines": 7, "excluded_lines": 0, "percent_statements_covered": 0.0, "percent_statements_covered_display": "0"}, "missing_lines": [30, 33, 34, 37, 40, 42, 45], "excluded_lines": []}, "mobile_subdomain_handler": {"executed_lines": [81, 82, 85, 86, 89, 91, 92], "summary": {"covered_lines": 7, "num_statements": 7, "percent_covered": 100.0, "percent_covered_display": "100", "missing_lines": 0, "excluded_lines": 0, "percent_statements_covered": 100.0, "percent_statements_covered_display": "100"}, "missing_lines": [], "excluded_lines": []}, "serve_frontend": {"executed_lines": [], "summary": {"covered_lines": 0, "num_statements": 9, "percent_covered": 0.0, "percent_covered_display": "0", "missing_lines": 9, "excluded_lines": 0, "percent_statements_covered": 0.0, "percent_statements_covered_display": "0"}, "missing_lines": [98, 101, 102, 103, 104, 106, 108, 109, 111], "excluded_lines": []}, "health_check": {"executed_lines": [122], "summary": {"covered_lines": 1, "num_statements": 1, "percent_covered": 100.0, "percent_covered_display": "100", "missing_lines": 0, "excluded_lines": 0, "percent_statements_covered": 100.0, "percent_statements_covered_display": "100"}, "missing_lines": [], "excluded_lines": []}, "root": {"executed_lines": [], "summary": {"covered_lines": 0, "num_statements": 6, "percent_covered": 0.0, "percent_covered_display": "0", "missing_lines": 6, "excluded_lines": 0, "percent_statements_covered": 0.0, "percent_statements_covered_display": "0"}, "missing_lines": [136, 137, 139, 141, 144, 146], "excluded_lines": []}, "": {"executed_lines": [1, 5, 6, 7, 8, 9, 10, 11, 12, 13, 15, 16, 17, 20, 24, 27, 28, 49, 60, 69, 72, 73, 74, 75, 78, 79, 94, 95, 96, 114, 115, 116, 119, 120, 132, 133, 158], "summary": {"covered_lines": 36, "num_statements": 38, "percent_covered": 94.73684210526316, "percent_covered_display": "95", "missing_lines": 2, "excluded_lines": 0, "percent_statements_covered": 94.73684210526316, "percent_statements_covered_display": "95"}, "missing_lines": [159, 160], "excluded_lines": []}}, "classes": {"": {"executed_lines": [1, 5, 6, 7, 8, 9, 10, 11, 12, 13, 15, 16, 17, 20, 24, 27, 28, 49, 60, 69, 72, 73, 74, 75, 78, 79, 81, 82, 85, 86, 89, 91, 92, 94, 95, 96, 114, 115, 116, 119, 120, 122, 132, 133, 158], "summary": {"covered_lines": 44, "num_statements": 68, "percent_covered": 64.70588235294117, "percent_covered_display": "65", "missing_lines": 24, "excluded_lines": 0, "percent_statements_covered": 64.70588235294117, "percent_statements_covered_display": "65"}, "missing_lines": [30, 33, 34, 37, 40, 42, 45, 98, 101, 102, 103, 104, 106, 108, 109, 111, 136, 137, 139, 141, 144, 146, 159, 160], "excluded_lines": []}}}, "app/middleware/__init__.py": {"executed_lines": [], "summary": {"covered_lines": 0, "num_statements": 2, "percent_covered": 0.0, "percent_covered_display": "0", "missing_lines": 2, "excluded_lines": 0, "percent_statements_covered": 0.0, "percent_statements_covered_display": "0"}, "missing_lines": [3, 5], "excluded_lines": [], "functions": {"": {"executed_lines": [], "summary": {"covered_lines": 0, "num_statements": 2, "percent_covered": 0.0, "percent_covered_display": "0", "missing_lines": 2, "excluded_lines": 0, "percent_statements_covered": 0.0, "percent_statements_covered_display": "0"}, "missing_lines": [3, 5], "excluded_lines": []}}, "classes": {"": {"executed_lines": [], "summary": {"covered_lines": 0, "num_statements": 2, "percent_covered": 0.0, "percent_covered_display": "0", "missing_lines": 2, "excluded_lines": 0, "percent_statements_covered": 0.0, "percent_statements_covered_display": "0"}, "missing_lines": [3, 5], "excluded_lines": []}}}, "app/middleware/rate_limit.py": {"executed_lines": [], "summary": {"covered_lines": 0, "num_statements": 81, "percent_covered": 0.0, "percent_covered_display": "0", "missing_lines": 81, "excluded_lines": 0, "percent_statements_covered": 0.0, "percent_statements_covered_display": "0"}, "missing_lines": [5, 6, 7, 8, 9, 10, 11, 13, 15, 18, 24, 25, 26, 29, 35, 39, 40, 43, 46, 47, 59, 62, 65, 69, 71, 73, 74, 75, 76, 78, 80, 81, 82, 83, 85, 87, 89, 94, 96, 98, 99, 100, 101, 103, 105, 106, 109, 112, 115, 118, 121, 123, 124, 126, 129, 134, 135, 136, 137, 140, 144, 148, 149, 152, 153, 156, 158, 159, 160, 161, 162, 163, 167, 168, 171, 174, 175, 178, 179, 180, 182], "excluded_lines": [], "functions": {"RateLimitMiddleware.__init__": {"executed_lines": [], "summary": {"covered_lines": 0, "num_statements": 3, "percent_covered": 0.0, "percent_covered_display": "0", "missing_lines": 3, "excluded_lines": 0, "percent_statements_covered": 0.0, "percent_statements_covered_display": "0"}, "missing_lines": [25, 26, 29], "excluded_lines": []}, "RateLimitMiddleware.dispatch": {"executed_lines": [], "summary": {"covered_lines": 0, "num_statements": 9, "percent_covered": 0.0, "percent_covered_display": "0", "missing_lines": 9, "excluded_lines": 0, "percent_statements_covered": 0.0, "percent_statements_covered_display": "0"}, "missing_lines": [39, 40, 43, 46, 47, 59, 62, 65, 69], "excluded_lines": []}, "RateLimitMiddleware._get_client_ip": {"executed_lines": [], "summary": {"covered_lines": 0, "num_statements": 4, "percent_covered": 0.0, "percent_covered_display": "0", "missing_lines": 4, "excluded_lines": 0, "percent_statements_covered": 0.0, "percent_statements_covered_display": "0"}, "missing_lines": [73, 74, 75, 76], "excluded_lines": []}, "RateLimitMiddleware._get_limit": {"executed_lines": [], "summary": {"covered_lines": 0, "num_statements": 4, "percent_covered": 0.0, "percent_covered_display": "0", "missing_lines": 4, "excluded_lines": 0, "percent_statements_covered": 0.0, "percent_statements_covered_display": "0"}, "missing_lines": [80, 81, 82, 83], "excluded_lines": []}, "RateLimitMiddleware._get_retry_after": {"executed_lines": [], "summary": {"covered_lines": 0, "num_statements": 1, "percent_covered": 0.0, "percent_covered_display": "0", "missing_lines": 1, "excluded_lines": 0, "percent_statements_covered": 0.0, "percent_statements_covered_display": "0"}, "missing_lines": [87], "excluded_lines": []}, "RateLimitMiddleware._check_rate_limit": {"executed_lines": [], "summary": {"covered_lines": 0, "num_statements": 17, "percent_covered": 0.0, "percent_covered_display": "0", "missing_lines": 17, "excluded_lines": 0, "percent_statements_covered": 0.0, "percent_statements_covered_display": "0"}, "missing_lines": [94, 96, 98, 99, 100, 101, 103, 105, 106, 109, 112, 115, 118, 121, 123, 124, 126], "excluded_lines": []}, "CachingMiddleware.__init__": {"executed_lines": [], "summary": {"covered_lines": 0, "num_statements": 4, "percent_covered": 0.0, "percent_covered_display": "0", "missing_lines": 4, "excluded_lines": 0, "percent_statements_covered": 0.0, "percent_statements_covered_display": "0"}, "missing_lines": [135, 136, 137, 140], "excluded_lines": []}, "CachingMiddleware.dispatch": {"executed_lines": [], "summary": {"covered_lines": 0, "num_statements": 20, "percent_covered": 0.0, "percent_covered_display": "0", "missing_lines": 20, "excluded_lines": 0, "percent_statements_covered": 0.0, "percent_statements_covered_display": "0"}, "missing_lines": [148, 149, 152, 153, 156, 158, 159, 160, 161, 162, 163, 167, 168, 171, 174, 175, 178, 179, 180, 182], "excluded_lines": []}, "": {"executed_lines": [], "summary": {"covered_lines": 0, "num_statements": 19, "percent_covered": 0.0, "percent_covered_display": "0", "missing_lines": 19, "excluded_lines": 0, "percent_statements_covered": 0.0, "percent_statements_covered_display": "0"}, "missing_lines": [5, 6, 7, 8, 9, 10, 11, 13, 15, 18, 24, 35, 71, 78, 85, 89, 129, 134, 144], "excluded_lines": []}}, "classes": {"RateLimitMiddleware": {"executed_lines": [], "summary": {"covered_lines": 0, "num_statements": 38, "percent_covered": 0.0, "percent_covered_display": "0", "missing_lines": 38, "excluded_lines": 0, "percent_statements_covered": 0.0, "percent_statements_covered_display": "0"}, "missing_lines": [25, 26, 29, 39, 40, 43, 46, 47, 59, 62, 65, 69, 73, 74, 75, 76, 80, 81, 82, 83, 87, 94, 96, 98, 99, 100, 101, 103, 105, 106, 109, 112, 115, 118, 121, 123, 124, 126], "excluded_lines": []}, "CachingMiddleware": {"executed_lines": [], "summary": {"covered_lines": 0, "num_statements": 24, "percent_covered": 0.0, "percent_covered_display": "0", "missing_lines": 24, "excluded_lines": 0, "percent_statements_covered": 0.0, "percent_statements_covered_display": "0"}, "missing_lines": [135, 136, 137, 140, 148, 149, 152, 153, 156, 158, 159, 160, 161, 162, 163, 167, 168, 171, 174, 175, 178, 179, 180, 182], "excluded_lines": []}, "": {"executed_lines": [], "summary": {"covered_lines": 0, "num_statements": 19, "percent_covered": 0.0, "percent_covered_display": "0", "missing_lines": 19, "excluded_lines": 0, "percent_statements_covered": 0.0, "percent_statements_covered_display": "0"}, "missing_lines": [5, 6, 7, 8, 9, 10, 11, 13, 15, 18, 24, 35, 71, 78, 85, 89, 129, 134, 144], "excluded_lines": []}}}, "app/scoring/__init__.py": {"executed_lines": [1], "summary": {"covered_lines": 0, "num_statements": 0, "percent_covered": 100.0, "percent_covered_display": "100", "missing_lines": 0, "excluded_lines": 0, "percent_statements_covered": 100.0, "percent_statements_covered_display": "100"}, "missing_lines": [], "excluded_lines": [], "functions": {"": {"executed_lines": [1], "summary": {"covered_lines": 0, "num_statements": 0, "percent_covered": 100.0, "percent_covered_display": "100", "missing_lines": 0, "excluded_lines": 0, "percent_statements_covered": 100.0, "percent_statements_covered_display": "100"}, "missing_lines": [], "excluded_lines": []}}, "classes": {"": {"executed_lines": [1], "summary": {"covered_lines": 0, "num_statements": 0, "percent_covered": 100.0, "percent_covered_display": "100", "missing_lines": 0, "excluded_lines": 0, "percent_statements_covered": 100.0, "percent_statements_covered_display": "100"}, "missing_lines": [], "excluded_lines": []}}}, "app/scoring/ensemble_scorer.py": {"executed_lines": [1, 5, 6, 7, 8, 9, 11, 14, 15, 17, 19, 20, 23, 24, 26, 49, 62, 65, 116, 118, 120, 126, 127, 128, 136, 138], "summary": {"covered_lines": 24, "num_statements": 47, "percent_covered": 51.06382978723404, "percent_covered_display": "51", "missing_lines": 23, "excluded_lines": 0, "percent_statements_covered": 51.06382978723404, "percent_statements_covered_display": "51"}, "missing_lines": [36, 41, 43, 47, 63, 71, 74, 83, 92, 100, 101, 102, 103, 104, 105, 107, 109, 129, 130, 131, 132, 133, 134], "excluded_lines": [], "functions": {"EnsembleScorer.__init__": {"executed_lines": [19, 20, 23, 24], "summary": {"covered_lines": 4, "num_statements": 4, "percent_covered": 100.0, "percent_covered_display": "100", "missing_lines": 0, "excluded_lines": 0, "percent_statements_covered": 100.0, "percent_statements_covered_display": "100"}, "missing_lines": [], "excluded_lines": []}, "EnsembleScorer.predict": {"executed_lines": [], "summary": {"covered_lines": 0, "num_statements": 4, "percent_covered": 0.0, "percent_covered_display": "0", "missing_lines": 4, "excluded_lines": 0, "percent_statements_covered": 0.0, "percent_statements_covered_display": "0"}, "missing_lines": [36, 41, 43, 47], "excluded_lines": []}, "EnsembleScorer.score": {"executed_lines": [62], "summary": {"covered_lines": 1, "num_statements": 2, "percent_covered": 50.0, "percent_covered_display": "50", "missing_lines": 1, "excluded_lines": 0, "percent_statements_covered": 50.0, "percent_statements_covered_display": "50"}, "missing_lines": [63], "excluded_lines": []}, "EnsembleScorer._rule_based_scoring": {"executed_lines": [], "summary": {"covered_lines": 0, "num_statements": 12, "percent_covered": 0.0, "percent_covered_display": "0", "missing_lines": 12, "excluded_lines": 0, "percent_statements_covered": 0.0, "percent_statements_covered_display": "0"}, "missing_lines": [71, 74, 83, 92, 100, 101, 102, 103, 104, 105, 107, 109], "excluded_lines": []}, "EnsembleScorer._load_models": {"executed_lines": [118, 120, 126, 127, 128, 136, 138], "summary": {"covered_lines": 7, "num_statements": 13, "percent_covered": 53.84615384615385, "percent_covered_display": "54", "missing_lines": 6, "excluded_lines": 0, "percent_statements_covered": 53.84615384615385, "percent_statements_covered_display": "54"}, "missing_lines": [129, 130, 131, 132, 133, 134], "excluded_lines": []}, "": {"executed_lines": [1, 5, 6, 7, 8, 9, 11, 14, 15, 17, 26, 49, 65, 116], "summary": {"covered_lines": 12, "num_statements": 12, "percent_covered": 100.0, "percent_covered_display": "100", "missing_lines": 0, "excluded_lines": 0, "percent_statements_covered": 100.0, "percent_statements_covered_display": "100"}, "missing_lines": [], "excluded_lines": []}}, "classes": {"EnsembleScorer": {"executed_lines": [19, 20, 23, 24, 62, 118, 120, 126, 127, 128, 136, 138], "summary": {"covered_lines": 12, "num_statements": 35, "percent_covered": 34.285714285714285, "percent_covered_display": "34", "missing_lines": 23, "excluded_lines": 0, "percent_statements_covered": 34.285714285714285, "percent_statements_covered_display": "34"}, "missing_lines": [36, 41, 43, 47, 63, 71, 74, 83, 92, 100, 101, 102, 103, 104, 105, 107, 109, 129, 130, 131, 132, 133, 134], "excluded_lines": []}, "": {"executed_lines": [1, 5, 6, 7, 8, 9, 11, 14, 15, 17, 26, 49, 65, 116], "summary": {"covered_lines": 12, "num_statements": 12, "percent_covered": 100.0, "percent_covered_display": "100", "missing_lines": 0, "excluded_lines": 0, "percent_statements_covered": 100.0, "percent_statements_covered_display": "100"}, "missing_lines": [], "excluded_lines": []}}}, "app/scrapers/__init__.py": {"executed_lines": [1], "summary": {"covered_lines": 0, "num_statements": 0, "percent_covered": 100.0, "percent_covered_display": "100", "missing_lines": 0, "excluded_lines": 0, "percent_statements_covered": 100.0, "percent_statements_covered_display": "100"}, "missing_lines": [], "excluded_lines": [], "functions": {"": {"executed_lines": [1], "summary": {"covered_lines": 0, "num_statements": 0, "percent_covered": 100.0, "percent_covered_display": "100", "missing_lines": 0, "excluded_lines": 0, "percent_statements_covered": 100.0, "percent_statements_covered_display": "100"}, "missing_lines": [], "excluded_lines": []}}, "classes": {"": {"executed_lines": [1], "summary": {"covered_lines": 0, "num_statements": 0, "percent_covered": 100.0, "percent_covered_display": "100", "missing_lines": 0, "excluded_lines": 0, "percent_statements_covered": 100.0, "percent_statements_covered_display": "100"}, "missing_lines": [], "excluded_lines": []}}}, "app/scrapers/base_scraper.py": {"executed_lines": [1, 5, 6, 7, 8, 9, 10, 12, 13, 14, 16, 18, 21, 22, 24, 25, 26, 27, 28, 31, 41, 50, 54, 80, 88, 89, 99, 112], "summary": {"covered_lines": 26, "num_statements": 72, "percent_covered": 36.111111111111114, "percent_covered_display": "36", "missing_lines": 46, "excluded_lines": 0, "percent_statements_covered": 36.111111111111114, "percent_statements_covered_display": "36"}, "missing_lines": [43, 44, 45, 46, 47, 48, 65, 67, 68, 69, 70, 71, 73, 74, 75, 76, 77, 78, 82, 83, 84, 85, 86, 97, 101, 102, 105, 110, 114, 117, 118, 119, 120, 121, 124, 125, 126, 127, 128, 131, 132, 133, 135, 136, 137, 139], "excluded_lines": [], "functions": {"BaseScraper.__init__": {"executed_lines": [25, 26, 27, 28, 31], "summary": {"covered_lines": 5, "num_statements": 5, "percent_covered": 100.0, "percent_covered_display": "100", "missing_lines": 0, "excluded_lines": 0, "percent_statements_covered": 100.0, "percent_statements_covered_display": "100"}, "missing_lines": [], "excluded_lines": []}, "BaseScraper._rate_limit_wait": {"executed_lines": [], "summary": {"covered_lines": 0, "num_statements": 6, "percent_covered": 0.0, "percent_covered_display": "0", "missing_lines": 6, "excluded_lines": 0, "percent_statements_covered": 0.0, "percent_statements_covered_display": "0"}, "missing_lines": [43, 44, 45, 46, 47, 48], "excluded_lines": []}, "BaseScraper._fetch_url": {"executed_lines": [], "summary": {"covered_lines": 0, "num_statements": 12, "percent_covered": 0.0, "percent_covered_display": "0", "missing_lines": 12, "excluded_lines": 0, "percent_statements_covered": 0.0, "percent_statements_covered_display": "0"}, "missing_lines": [65, 67, 68, 69, 70, 71, 73, 74, 75, 76, 77, 78], "excluded_lines": []}, "BaseScraper._parse_html": {"executed_lines": [], "summary": {"covered_lines": 0, "num_statements": 5, "percent_covered": 0.0, "percent_covered_display": "0", "missing_lines": 5, "excluded_lines": 0, "percent_statements_covered": 0.0, "percent_statements_covered_display": "0"}, "missing_lines": [82, 83, 84, 85, 86], "excluded_lines": []}, "BaseScraper.scrape": {"executed_lines": [], "summary": {"covered_lines": 0, "num_statements": 1, "percent_covered": 0.0, "percent_covered_display": "0", "missing_lines": 1, "excluded_lines": 0, "percent_statements_covered": 0.0, "percent_statements_covered_display": "0"}, "missing_lines": [97], "excluded_lines": []}, "BaseScraper._clean_text": {"executed_lines": [], "summary": {"covered_lines": 0, "num_statements": 4, "percent_covered": 0.0, "percent_covered_display": "0", "missing_lines": 4, "excluded_lines": 0, "percent_statements_covered": 0.0, "percent_statements_covered_display": "0"}, "missing_lines": [101, 102, 105, 110], "excluded_lines": []}, "BaseScraper._extract_metadata": {"executed_lines": [], "summary": {"covered_lines": 0, "num_statements": 18, "percent_covered": 0.0, "percent_covered_display": "0", "missing_lines": 18, "excluded_lines": 0, "percent_statements_covered": 0.0, "percent_statements_covered_display": "0"}, "missing_lines": [114, 117, 118, 119, 120, 121, 124, 125, 126, 127, 128, 131, 132, 133, 135, 136, 137, 139], "excluded_lines": []}, "": {"executed_lines": [1, 5, 6, 7, 8, 9, 10, 12, 13, 14, 16, 18, 21, 22, 24, 41, 50, 54, 80, 88, 89, 99, 112], "summary": {"covered_lines": 21, "num_statements": 21, "percent_covered": 100.0, "percent_covered_display": "100", "missing_lines": 0, "excluded_lines": 0, "percent_statements_covered": 100.0, "percent_statements_covered_display": "100"}, "missing_lines": [], "excluded_lines": []}}, "classes": {"BaseScraper": {"executed_lines": [25, 26, 27, 28, 31], "summary": {"covered_lines": 5, "num_statements": 51, "percent_covered": 9.803921568627452, "percent_covered_display": "10", "missing_lines": 46, "excluded_lines": 0, "percent_statements_covered": 9.803921568627452, "percent_statements_covered_display": "10"}, "missing_lines": [43, 44, 45, 46, 47, 48, 65, 67, 68, 69, 70, 71, 73, 74, 75, 76, 77, 78, 82, 83, 84, 85, 86, 97, 101, 102, 105, 110, 114, 117, 118, 119, 120, 121, 124, 125, 126, 127, 128, 131, 132, 133, 135, 136, 137, 139], "excluded_lines": []}, "": {"executed_lines": [1, 5, 6, 7, 8, 9, 10, 12, 13, 14, 16, 18, 21, 22, 24, 41, 50, 54, 80, 88, 89, 99, 112], "summary": {"covered_lines": 21, "num_statements": 21, "percent_covered": 100.0, "percent_covered_display": "100", "missing_lines": 0, "excluded_lines": 0, "percent_statements_covered": 100.0, "percent_statements_covered_display": "100"}, "missing_lines": [], "excluded_lines": []}}}, "app/scrapers/company_scraper.py": {"executed_lines": [1, 5, 6, 7, 9, 11, 14, 15, 17, 99, 106, 123, 140, 156], "summary": {"covered_lines": 12, "num_statements": 62, "percent_covered": 19.35483870967742, "percent_covered_display": "19", "missing_lines": 50, "excluded_lines": 0, "percent_statements_covered": 19.35483870967742, "percent_statements_covered_display": "19"}, "missing_lines": [35, 38, 40, 41, 51, 52, 53, 63, 64, 65, 75, 78, 79, 82, 84, 103, 104, 108, 109, 112, 113, 114, 117, 118, 119, 121, 125, 127, 133, 134, 135, 136, 138, 143, 145, 147, 148, 149, 151, 152, 154, 158, 159, 167, 168, 169, 170, 171, 172, 174], "excluded_lines": [], "functions": {"CompanyScraper.scrape": {"executed_lines": [], "summary": {"covered_lines": 0, "num_statements": 15, "percent_covered": 0.0, "percent_covered_display": "0", "missing_lines": 15, "excluded_lines": 0, "percent_statements_covered": 0.0, "percent_statements_covered_display": "0"}, "missing_lines": [35, 38, 40, 41, 51, 52, 53, 63, 64, 65, 75, 78, 79, 82, 84], "excluded_lines": []}, "CompanyScraper._find_company_website": {"executed_lines": [], "summary": {"covered_lines": 0, "num_statements": 2, "percent_covered
[...]
 18, 68, 82, 95, 147, 164], "excluded_lines": []}}}, "app/scrapers/orchestrator.py": {"executed_lines": [1, 5, 6, 7, 8, 10, 12, 13, 15, 18, 19, 21, 23, 24, 25, 27, 34, 99], "summary": {"covered_lines": 16, "num_statements": 58, "percent_covered": 27.586206896551722, "percent_covered_display": "28", "missing_lines": 42, "excluded_lines": 0, "percent_statements_covered": 27.586206896551722, "percent_statements_covered_display": "28"}, "missing_lines": [55, 58, 59, 61, 63, 64, 65, 66, 67, 68, 70, 79, 80, 83, 86, 87, 88, 89, 90, 92, 94, 95, 97, 110, 112, 114, 121, 124, 125, 134, 135, 137, 138, 139, 141, 142, 144, 147, 148, 156, 157, 159], "excluded_lines": [], "functions": {"ScraperOrchestrator.__init__": {"executed_lines": [23, 24, 25, 27], "summary": {"covered_lines": 4, "num_statements": 4, "percent_covered": 100.0, "percent_covered_display": "100", "missing_lines": 0, "excluded_lines": 0, "percent_statements_covered": 100.0, "percent_statements_covered_display": "100"}, "missing_lines": [], "excluded_lines": []}, "ScraperOrchestrator.scrape_all_sources": {"executed_lines": [], "summary": {"covered_lines": 0, "num_statements": 23, "percent_covered": 0.0, "percent_covered_display": "0", "missing_lines": 23, "excluded_lines": 0, "percent_statements_covered": 0.0, "percent_statements_covered_display": "0"}, "missing_lines": [55, 58, 59, 61, 63, 64, 65, 66, 67, 68, 70, 79, 80, 83, 86, 87, 88, 89, 90, 92, 94, 95, 97], "excluded_lines": []}, "ScraperOrchestrator._scrape_with_error_handling": {"executed_lines": [], "summary": {"covered_lines": 0, "num_statements": 19, "percent_covered": 0.0, "percent_covered_display": "0", "missing_lines": 19, "excluded_lines": 0, "percent_statements_covered": 0.0, "percent_statements_covered_display": "0"}, "missing_lines": [110, 112, 114, 121, 124, 125, 134, 135, 137, 138, 139, 141, 142, 144, 147, 148, 156, 157, 159], "excluded_lines": []}, "": {"executed_lines": [1, 5, 6, 7, 8, 10, 12, 13, 15, 18, 19, 21, 34, 99], "summary": {"covered_lines": 12, "num_statements": 12, "percent_covered": 100.0, "percent_covered_display": "100", "missing_lines": 0, "excluded_lines": 0, "percent_statements_covered": 100.0, "percent_statements_covered_display": "100"}, "missing_lines": [], "excluded_lines": []}}, "classes": {"ScraperOrchestrator": {"executed_lines": [23, 24, 25, 27], "summary": {"covered_lines": 4, "num_statements": 46, "percent_covered": 8.695652173913043, "percent_covered_display": "9", "missing_lines": 42, "excluded_lines": 0, "percent_statements_covered": 8.695652173913043, "percent_statements_covered_display": "9"}, "missing_lines": [55, 58, 59, 61, 63, 64, 65, 66, 67, 68, 70, 79, 80, 83, 86, 87, 88, 89, 90, 92, 94, 95, 97, 110, 112, 114, 121, 124, 125, 134, 135, 137, 138, 139, 141, 142, 144, 147, 148, 156, 157, 159], "excluded_lines": []}, "": {"executed_lines": [1, 5, 6, 7, 8, 10, 12, 13, 15, 18, 19, 21, 34, 99], "summary": {"covered_lines": 12, "num_statements": 12, "percent_covered": 100.0, "percent_covered_display": "100", "missing_lines": 0, "excluded_lines": 0, "percent_statements_covered": 100.0, "percent_statements_covered_display": "100"}, "missing_lines": [], "excluded_lines": []}}}, "app/tasks/__init__.py": {"executed_lines": [1, 5, 6, 9, 17], "summary": {"covered_lines": 4, "num_statements": 4, "percent_covered": 100.0, "percent_covered_display": "100", "missing_lines": 0, "excluded_lines": 0, "percent_statements_covered": 100.0, "percent_statements_covered_display": "100"}, "missing_lines": [], "excluded_lines": [], "functions": {"": {"executed_lines": [1, 5, 6, 9, 17], "summary": {"covered_lines": 4, "num_statements": 4, "percent_covered": 100.0, "percent_covered_display": "100", "missing_lines": 0, "excluded_lines": 0, "percent_statements_covered": 100.0, "percent_statements_covered_display": "100"}, "missing_lines": [], "excluded_lines": []}}, "classes": {"": {"executed_lines": [1, 5, 6, 9, 17], "summary": {"covered_lines": 4, "num_statements": 4, "percent_covered": 100.0, "percent_covered_display": "100", "missing_lines": 0, "excluded_lines": 0, "percent_statements_covered": 100.0, "percent_statements_covered_display": "100"}, "missing_lines": [], "excluded_lines": []}}}, "app/tasks/persona_generation.py": {"executed_lines": [1, 5, 6, 7, 8, 9, 11, 12, 13, 14, 15, 16, 17, 18, 19, 20, 22, 25, 26, 71, 166], "summary": {"covered_lines": 20, "num_statements": 85, "percent_covered": 23.529411764705884, "percent_covered_display": "24", "missing_lines": 65, "excluded_lines": 0, "percent_statements_covered": 23.529411764705884, "percent_statements_covered_display": "24"}, "missing_lines": [39, 41, 43, 44, 45, 46, 48, 54, 55, 57, 59, 60, 63, 64, 68, 82, 83, 85, 88, 89, 90, 99, 100, 101, 104, 105, 106, 109, 110, 111, 114, 115, 116, 119, 120, 121, 128, 129, 130, 133, 134, 143, 144, 145, 148, 153, 155, 161, 162, 163, 174, 175, 177, 180, 182, 183, 184, 185, 187, 188, 190, 191, 193, 194, 196], "excluded_lines": [], "functions": {"generate_persona_task": {"executed_lines": [], "summary": {"covered_lines": 0, "num_statements": 15, "percent_covered": 0.0, "percent_covered_display": "0", "missing_lines": 15, "excluded_lines": 0, "percent_statements_covered": 0.0, "percent_statements_covered_display": "0"}, "missing_lines": [39, 41, 43, 44, 45, 46, 48, 54, 55, 57, 59, 60, 63, 64, 68], "excluded_lines": []}, "_generate_persona_async": {"executed_lines": [], "summary": {"covered_lines": 0, "num_statements": 35, "percent_covered": 0.0, "percent_covered_display": "0", "missing_lines": 35, "excluded_lines": 0, "percent_statements_covered": 0.0, "percent_statements_covered_display": "0"}, "missing_lines": [82, 83, 85, 88, 89, 90, 99, 100, 101, 104, 105, 106, 109, 110, 111, 114, 115, 116, 119, 120, 121, 128, 129, 130, 133, 134, 143, 144, 145, 148, 153, 155, 161, 162, 163], "excluded_lines": []}, "_update_job_status": {"executed_lines": [], "summary": {"covered_lines": 0, "num_statements": 15, "percent_covered": 0.0, "percent_covered_display": "0", "missing_lines": 15, "excluded_lines": 0, "percent_statements_covered": 0.0, "percent_statements_covered_display": "0"}, "missing_lines": [174, 175, 177, 180, 182, 183, 184, 185, 187, 188, 190, 191, 193, 194, 196], "excluded_lines": []}, "": {"executed_lines": [1, 5, 6, 7, 8, 9, 11, 12, 13, 14, 15, 16, 17, 18, 19, 20, 22, 25, 26, 71, 166], "summary": {"covered_lines": 20, "num_statements": 20, "percent_covered": 100.0, "percent_covered_display": "100", "missing_lines": 0, "excluded_lines": 0, "percent_statements_covered": 100.0, "percent_statements_covered_display": "100"}, "missing_lines": [], "excluded_lines": []}}, "classes": {"": {"executed_lines": [1, 5, 6, 7, 8, 9, 11, 12, 13, 14, 15, 16, 17, 18, 19, 20, 22, 25, 26, 71, 166], "summary": {"covered_lines": 20, "num_statements": 85, "percent_covered": 23.529411764705884, "percent_covered_display": "24", "missing_lines": 65, "excluded_lines": 0, "percent_statements_covered": 23.529411764705884, "percent_statements_covered_display": "24"}, "missing_lines": [39, 41, 43, 44, 45, 46, 48, 54, 55, 57, 59, 60, 63, 64, 68, 82, 83, 85, 88, 89, 90, 99, 100, 101, 104, 105, 106, 109, 110, 111, 114, 115, 116, 119, 120, 121, 128, 129, 130, 133, 134, 143, 144, 145, 148, 153, 155, 161, 162, 163, 174, 175, 177, 180, 182, 183, 184, 185, 187, 188, 190, 191, 193, 194, 196], "excluded_lines": []}}}, "app/utils/__init__.py": {"executed_lines": [1, 3, 5], "summary": {"covered_lines": 2, "num_statements": 2, "percent_covered": 100.0, "percent_covered_display": "100", "missing_lines": 0, "excluded_lines": 0, "percent_statements_covered": 100.0, "percent_statements_covered_display": "100"}, "missing_lines": [], "excluded_lines": [], "functions": {"": {"executed_lines": [1, 3, 5], "summary": {"covered_lines": 2, "num_statements": 2, "percent_covered": 100.0, "percent_covered_display": "100", "missing_lines": 0, "excluded_lines": 0, "percent_statements_covered": 100.0, "percent_statements_covered_display": "100"}, "missing_lines": [], "excluded_lines": []}}, "classes": {"": {"executed_lines": [1, 3, 5], "summary": {"covered_lines": 2, "num_statements": 2, "percent_covered": 100.0, "percent_covered_display": "100", "missing_lines": 0, "excluded_lines": 0, "percent_statements_covered": 100.0, "percent_statements_covered_display": "100"}, "missing_lines": [], "excluded_lines": []}}}, "app/utils/performance.py": {"executed_lines": [1, 5, 6, 7, 8, 9, 11, 14, 15, 31, 68, 69, 73, 74, 76, 94, 100, 106, 109, 110, 130], "summary": {"covered_lines": 19, "num_statements": 85, "percent_covered": 22.352941176470587, "percent_covered_display": "22", "missing_lines": 66, "excluded_lines": 0, "percent_statements_covered": 22.352941176470587, "percent_statements_covered_display": "22"}, "missing_lines": [23, 24, 25, 27, 28, 41, 42, 43, 44, 45, 46, 48, 49, 51, 52, 53, 54, 55, 56, 58, 59, 62, 63, 64, 65, 78, 79, 87, 88, 89, 90, 91, 92, 96, 97, 98, 102, 118, 119, 120, 122, 123, 126, 127, 139, 140, 141, 142, 143, 144, 146, 147, 152, 154, 155, 156, 157, 158, 160, 161, 166, 168, 169, 170, 171, 173], "excluded_lines": [], "functions": {"timer": {"executed_lines": [], "summary": {"covered_lines": 0, "num_statements": 5, "percent_covered": 0.0, "percent_covered_display": "0", "missing_lines": 5, "excluded_lines": 0, "percent_statements_covered": 0.0, "percent_statements_covered_display": "0"}, "missing_lines": [23, 24, 25, 27, 28], "excluded_lines": []}, "profile": {"executed_lines": [], "summary": {"covered_lines": 0, "num_statements": 8, "percent_covered": 0.0, "percent_covered_display": "0", "missing_lines": 8, "excluded_lines": 0, "percent_statements_covered": 0.0, "percent_statements_covered_display": "0"}, "missing_lines": [41, 42, 51, 52, 62, 63, 64, 65], "excluded_lines": []}, "profile.async_wrapper": {"executed_lines": [], "summary": {"covered_lines": 0, "num_statements": 6, "percent_covered": 0.0, "percent_covered_display": "0", "missing_lines": 6, "excluded_lines": 0, "percent_statements_covered": 0.0, "percent_statements_covered_display": "0"}, "missing_lines": [43, 44, 45, 46, 48, 49], "excluded_lines": []}, "profile.sync_wrapper": {"executed_lines": [], "summary": {"covered_lines": 0, "num_statements": 6, "percent_covered": 0.0, "percent_covered_display": "0", "missing_lines": 6, "excluded_lines": 0, "percent_statements_covered": 0.0, "percent_statements_covered_display": "0"}, "missing_lines": [53, 54, 55, 56, 58, 59], "excluded_lines": []}, "PerformanceMonitor.__init__": {"executed_lines": [74], "summary": {"covered_lines": 1, "num_statements": 1, "percent_covered": 100.0, "percent_covered_display": "100", "missing_lines": 0, "excluded_lines": 0, "percent_statements_covered": 100.0, "percent_statements_covered_display": "100"}, "missing_lines": [], "excluded_lines": []}, "PerformanceMonitor.record": {"executed_lines": [], "summary": {"covered_lines": 0, "num_statements": 8, "percent_covered": 0.0, "percent_covered_display": "0", "missing_lines": 8, "excluded_lines": 0, "percent_statements_covered": 0.0, "percent_statements_covered_display": "0"}, "missing_lines": [78, 79, 87, 88, 89, 90, 91, 92], "excluded_lines": []}, "PerformanceMonitor.get_stats": {"executed_lines": [], "summary": {"covered_lines": 0, "num_statements": 3, "percent_covered": 0.0, "percent_covered_display": "0", "missing_lines": 3, "excluded_lines": 0, "percent_statements_covered": 0.0, "percent_statements_covered_display": "0"}, "missing_lines": [96, 97, 98], "excluded_lines": []}, "PerformanceMonitor.reset": {"executed_lines": [], "summary": {"covered_lines": 0, "num_statements": 1, "percent_covered": 0.0, "percent_covered_display": "0", "missing_lines": 1, "excluded_lines": 0, "percent_statements_covered": 0.0, "percent_statements_covered_display": "0"}, "missing_lines": [102], "excluded_lines": []}, "monitor": {"executed_lines": [], "summary": {"covered_lines": 0, "num_statements": 7, "percent_covered": 0.0, "percent_covered_display": "0", "missing_lines": 7, "excluded_lines": 0, "percent_statements_covered": 0.0, "percent_statements_covered_display": "0"}, "missing_lines": [118, 119, 120, 122, 123, 126, 127], "excluded_lines": []}, "log_slow_queries": {"executed_lines": [], "summary": {"covered_lines": 0, "num_statements": 3, "percent_covered": 0.0, "percent_covered_display": "0", "missing_lines": 3, "excluded_lines": 0, "percent_statements_covered": 0.0, "percent_statements_covered_display": "0"}, "missing_lines": [139, 140, 173], "excluded_lines": []}, "log_slow_queries.decorator": {"executed_lines": [], "summary": {"covered_lines": 0, "num_statements": 7, "percent_covered": 0.0, "percent_covered_display": "0", "missing_lines": 7, "excluded_lines": 0, "percent_statements_covered": 0.0, "percent_statements_covered_display": "0"}, "missing_lines": [141, 154, 155, 168, 169, 170, 171], "excluded_lines": []}, "log_slow_queries.decorator.async_wrapper": {"executed_lines": [], "summary": {"covered_lines": 0, "num_statements": 6, "percent_covered": 0.0, "percent_covered_display": "0", "missing_lines": 6, "excluded_lines": 0, "percent_statements_covered": 0.0, "percent_statements_covered_display": "0"}, "missing_lines": [142, 143, 144, 146, 147, 152], "excluded_lines": []}, "log_slow_queries.decorator.sync_wrapper": {"executed_lines": [], "summary": {"covered_lines": 0, "num_statements": 6, "percent_covered": 0.0, "percent_covered_display": "0", "missing_lines": 6, "excluded_lines": 0, "percent_statements_covered": 0.0, "percent_statements_covered_display": "0"}, "missing_lines": [156, 157, 158, 160, 161, 166], "excluded_lines": []}, "": {"executed_lines": [1, 5, 6, 7, 8, 9, 11, 14, 15, 31, 68, 69, 73, 76, 94, 100, 106, 109, 110, 130], "summary": {"covered_lines": 18, "num_statements": 18, "percent_covered": 100.0, "percent_covered_display": "100", "missing_lines": 0, "excluded_lines": 0, "percent_statements_covered": 100.0, "percent_statements_covered_display": "100"}, "missing_lines": [], "excluded_lines": []}}, "classes": {"PerformanceMonitor": {"executed_lines": [74], "summary": {"covered_lines": 1, "num_statements": 13, "percent_covered": 7.6923076923076925, "percent_covered_display": "8", "missing_lines": 12, "excluded_lines": 0, "percent_statements_covered": 7.6923076923076925, "percent_statements_covered_display": "8"}, "missing_lines": [78, 79, 87, 88, 89, 90, 91, 92, 96, 97, 98, 102], "excluded_lines": []}, "": {"executed_lines": [1, 5, 6, 7, 8, 9, 11, 14, 15, 31, 68, 69, 73, 76, 94, 100, 106, 109, 110, 130], "summary": {"covered_lines": 18, "num_statements": 72, "percent_covered": 25.0, "percent_covered_display": "25", "missing_lines": 54, "excluded_lines": 0, "percent_statements_covered": 25.0, "percent_statements_covered_display": "25"}, "missing_lines": [23, 24, 25, 27, 28, 41, 42, 43, 44, 45, 46, 48, 49, 51, 52, 53, 54, 55, 56, 58, 59, 62, 63, 64, 65, 118, 119, 120, 122, 123, 126, 127, 139, 140, 141, 142, 143, 144, 146, 147, 152, 154, 155, 156, 157, 158, 160, 161, 166, 168, 169, 170, 171, 173], "excluded_lines": []}}}, "app/validation/__init__.py": {"executed_lines": [1], "summary": {"covered_lines": 0, "num_statements": 0, "percent_covered": 100.0, "percent_covered_display": "100", "missing_lines": 0, "excluded_lines": 0, "percent_statements_covered": 100.0, "percent_statements_covered_display": "100"}, "missing_lines": [], "excluded_lines": [], "functions": {"": {"executed_lines": [1], "summary": {"covered_lines": 0, "num_statements": 0, "percent_covered": 100.0, "percent_covered_display": "100", "missing_lines": 0, "excluded_lines": 0, "percent_statements_covered": 100.0, "percent_statements_covered_display": "100"}, "missing_lines": [], "excluded_lines": []}}, "classes": {"": {"executed_lines": [1], "summary": {"covered_lines": 0, "num_statements": 0, "percent_covered": 100.0, "percent_covered_display": "100", "missing_lines": 0, "excluded_lines": 0, "percent_statements_covered": 100.0, "percent_statements_covered_display": "100"}, "missing_lines": [], "excluded_lines": []}}}, "app/validation/quality_validator.py": {"executed_lines": [1, 5, 6, 8, 11, 12, 14, 24, 26, 29, 32, 35, 38, 39, 41, 43, 46, 48, 50, 52, 55, 62, 63, 64, 65, 69, 70, 71, 72, 73, 74, 75, 78, 80, 82, 84, 85, 88, 89, 90, 93, 94, 95, 99, 100, 101, 102, 103, 105, 106, 108, 110, 112, 114, 115, 118, 119, 120, 125, 126, 127, 132, 133, 134, 138, 141, 142, 144], "summary": {"covered_lines": 66, "num_statements": 76, "percent_covered": 86.84210526315789, "percent_covered_display": "87", "missing_lines": 10, "excluded_lines": 0, "percent_statements_covered": 86.84210526315789, "percent_statements_covered_display": "87"}, "missing_lines": [44, 66, 76, 96, 121, 122, 128, 129, 135, 139], "excluded_lines": [], "functions": {"QualityValidator.validate": {"executed_lines": [24, 26, 29, 32, 35, 38, 39, 41, 43, 46, 48], "summary": {"covered_lines": 11, "num_statements": 12, "percent_covered": 91.66666666666667, "percent_covered_display": "92", "missing_lines": 1, "excluded_lines": 0, "percent_statements_covered": 91.66666666666667, "percent_statements_covered_display": "92"}, "missing_lines": [44], "excluded_lines": []}, "QualityValidator._check_completeness": {"executed_lines": [52, 55, 62, 63, 64, 65, 69, 70, 71, 72, 73, 74, 75, 78], "summary": {"covered_lines": 14, "num_statements": 16, "percent_covered": 87.5, "percent_covered_display": "88", "missing_lines": 2, "excluded_lines": 0, "percent_statements_covered": 87.5, "percent_statements_covered_display": "88"}, "missing_lines": [66, 76], "excluded_lines": []}, "QualityValidator._check_consistency": {"executed_lines": [82, 84, 85, 88, 89, 90, 93, 94, 95, 99, 100, 101, 102, 103, 105, 106, 108], "summary": {"covered_lines": 17, "num_statements": 18, "percent_covered": 94.44444444444444, "percent_covered_display": "94", "missing_lines": 1, "excluded_lines": 0, "percent_statements_covered": 94.44444444444444, "percent_statements_covered_display": "94"}, "missing_lines": [96], "excluded_lines": []}, "QualityValidator._check_narrative_quality": {"executed_lines": [112, 114, 115, 118, 119, 120, 125, 126, 127, 132, 133, 134, 138, 141, 142, 144], "summary": {"covered_lines": 16, "num_statements": 22, "percent_covered": 72.72727272727273, "percent_covered_display": "73", "missing_lines": 6, "excluded_lines": 0, "percent_statements_covered": 72.72727272727273, "percent_statements_covered_display": "73"}, "missing_lines": [121, 122, 128, 129, 135, 139], "excluded_lines": []}, "": {"executed_lines": [1, 5, 6, 8, 11, 12, 14, 50, 80, 110], "summary": {"covered_lines": 8, "num_statements": 8, "percent_covered": 100.0, "percent_covered_display": "100", "missing_lines": 0, "excluded_lines": 0, "percent_statements_covered": 100.0, "percent_statements_covered_display": "100"}, "missing_lines": [], "excluded_lines": []}}, "classes": {"QualityValidator": {"executed_lines": [24, 26, 29, 32, 35, 38, 39, 41, 43, 46, 48, 52, 55, 62, 63, 64, 65, 69, 70, 71, 72, 73, 74, 75, 78, 82, 84, 85, 88, 89, 90, 93, 94, 95, 99, 100, 101, 102, 103, 105, 106, 108, 112, 114, 115, 118, 119, 120, 125, 126, 127, 132, 133, 134, 138, 141, 142, 144], "summary": {"covered_lines": 58, "num_statements": 68, "percent_covered": 85.29411764705883, "percent_covered_display": "85", "missing_lines": 10, "excluded_lines": 0, "percent_statements_covered": 85.29411764705883, "percent_statements_covered_display": "85"}, "missing_lines": [44, 66, 76, 96, 121, 122, 128, 129, 135, 139], "excluded_lines": []}, "": {"executed_lines": [1, 5, 6, 8, 11, 12, 14, 50, 80, 110], "summary": {"covered_lines": 8, "num_statements": 8, "percent_covered": 100.0, "percent_covered_display": "100", "missing_lines": 0, "excluded_lines": 0, "percent_statements_covered": 100.0, "percent_statements_covered_display": "100"}, "missing_lines": [], "excluded_lines": []}}}}, "totals": {"covered_lines": 753, "num_statements": 1707, "percent_covered": 44.112478031634446, "percent_covered_display": "44", "missing_lines": 954, "excluded_lines": 0, "percent_statements_covered": 44.112478031634446, "percent_statements_covered_display": "44"}}